   0  $accept : file $end

   1  file :
   2       | decls

   3  decls : declaration
   4        | decls declaration

   5  declaration : var_decls ';'
   6              | function

   7  var_decls : variable
   8            | var_decl

   9  variable : data_type tIDENTIFIER '?' '=' expr
  10           | data_type tIDENTIFIER '?'
  11           | data_type tIDENTIFIER '!' '=' expr
  12           | data_type tIDENTIFIER '!'

  13  var_decl : data_type tIDENTIFIER '=' expr
  14           | data_type tIDENTIFIER

  15  data_type : '#'
  16            | '%'
  17            | '$'
  18            | '<' data_type '>'

  19  function : data_type tIDENTIFIER '?' '(' func_args ')'
  20           | '!' tIDENTIFIER '?' '(' func_args ')'
  21           | data_type tIDENTIFIER '!' '(' func_args ')'
  22           | '!' tIDENTIFIER '!' '(' func_args ')'
  23           | data_type tIDENTIFIER '(' func_args ')'
  24           | '!' tIDENTIFIER '(' func_args ')'
  25           | '!' tIDENTIFIER '!' '(' func_args ')' body
  26           | data_type tIDENTIFIER '!' '(' func_args ')' '=' literal body
  27           | data_type tIDENTIFIER '!' '(' func_args ')' body
  28           | '!' tIDENTIFIER '(' func_args ')' body
  29           | data_type tIDENTIFIER '(' func_args ')' '=' literal body
  30           | data_type tIDENTIFIER '(' func_args ')' body

  31  func_args : var_decl
  32            | func_args ',' var_decl
  33            |

  34  func_call : tIDENTIFIER '(' opt_expressions ')'
  35            | '@' '(' opt_expressions ')'

  36  opt_expressions :
  37                  | expressions

  38  literal : integer
  39          | string
  40          | real

  41  integer : tINTEGER

  42  real : tREAL

  43  string : tSTRING
  44         | string tSTRING

  45  body : initial_section sections final_section
  46       | sections final_section
  47       | initial_section sections
  48       | initial_section final_section
  49       | sections
  50       | initial_section
  51       | final_section

  52  initial_section : tDLT code_block

  53  sections : section
  54           | sections section

  55  section : '(' opt_expr ')' code_block
  56          | '[' opt_expr ']' code_block
  57          | code_block

  58  opt_expr :
  59           | expr

  60  final_section : tDGT code_block

  61  code_block : '{' opt_instructions '}'
  62             | '{' inner_decls opt_instructions '}'

  63  inner_decls : var_decls ';'
  64              | inner_decls var_decls ';'

  65  opt_instructions :
  66                   | instrs

  67  instruction : expr ';'
  68              | expr '!'
  69              | expr tPRINTLN
  70              | tCONTINUE
  71              | tBREAK
  72              | tRETURN
  73              | conditional
  74              | iteration
  75              | code_block
  76              | tAPPLY tIDENTIFIER tSETA lval ':' expr tINTERVALO expr ';'

  77  instrs : instruction
  78         | instrs instruction

  79  conditional : '[' expr ']' '#' instruction
  80              | '[' expr ']' '?' instruction
  81              | '[' expr ']' '?' instruction ':' instruction

  82  init_iteration : var_decl
  83                 | expr
  84                 | init_iteration ',' var_decl
  85                 | init_iteration ',' expr
  86                 |

  87  iteration : '[' init_iteration ';' expressions ';' expressions ']' instruction
  88            | '[' init_iteration ';' ';' expressions ']' instruction
  89            | '[' init_iteration ';' expressions ';' ']' instruction
  90            | '[' init_iteration ';' ';' ']' instruction

  91  expressions : expr
  92              | expressions ',' expr

  93  expr : literal
  94       | '-' expr
  95       | '+' expr
  96       | expr '+' expr
  97       | expr '-' expr
  98       | expr '/' expr
  99       | expr '*' expr
 100       | expr '%' expr
 101       | expr '<' expr
 102       | expr '>' expr
 103       | '~' expr
 104       | expr tGE expr
 105       | expr tLE expr
 106       | expr tNE expr
 107       | expr tEQ expr
 108       | expr tOR expr
 109       | expr tAND expr
 110       | lval
 111       | lval '=' expr
 112       | '@' '=' expr
 113       | '[' expr ']'
 114       | lval '?'
 115       | '@' '?'
 116       | '(' expr ')'
 117       | '@'
 118       | func_call

 119  lval : tIDENTIFIER
 120       | lval '[' expr ']'
 121       | '@' '[' expr ']'
 122       | '(' expr ')' '[' expr ']'
 123       | func_call '[' expr ']'

state 0
	$accept : . file $end  (0)
	file : .  (1)

	'<'  shift 1
	'%'  shift 2
	'!'  shift 3
	'#'  shift 4
	'$'  shift 5
	$end  reduce 1

	file  goto 6
	declaration  goto 7
	function  goto 8
	variable  goto 9
	var_decl  goto 10
	var_decls  goto 11
	decls  goto 12
	data_type  goto 13


state 1
	data_type : '<' . data_type '>'  (18)

	'<'  shift 1
	'%'  shift 2
	'#'  shift 4
	'$'  shift 5
	.  error

	data_type  goto 14


state 2
	data_type : '%' .  (16)

	.  reduce 16


state 3
	function : '!' . tIDENTIFIER '?' '(' func_args ')'  (20)
	function : '!' . tIDENTIFIER '!' '(' func_args ')'  (22)
	function : '!' . tIDENTIFIER '(' func_args ')'  (24)
	function : '!' . tIDENTIFIER '!' '(' func_args ')' body  (25)
	function : '!' . tIDENTIFIER '(' func_args ')' body  (28)

	tIDENTIFIER  shift 15
	.  error


state 4
	data_type : '#' .  (15)

	.  reduce 15


state 5
	data_type : '$' .  (17)

	.  reduce 17


state 6
	$accept : file . $end  (0)

	$end  accept


state 7
	decls : declaration .  (3)

	.  reduce 3


state 8
	declaration : function .  (6)

	.  reduce 6


state 9
	var_decls : variable .  (7)

	.  reduce 7


state 10
	var_decls : var_decl .  (8)

	.  reduce 8


state 11
	declaration : var_decls . ';'  (5)

	';'  shift 16
	.  error


state 12
	file : decls .  (2)
	decls : decls . declaration  (4)

	'<'  shift 1
	'%'  shift 2
	'!'  shift 3
	'#'  shift 4
	'$'  shift 5
	$end  reduce 2

	declaration  goto 17
	function  goto 8
	variable  goto 9
	var_decl  goto 10
	var_decls  goto 11
	data_type  goto 13


state 13
	variable : data_type . tIDENTIFIER '?' '=' expr  (9)
	variable : data_type . tIDENTIFIER '?'  (10)
	variable : data_type . tIDENTIFIER '!' '=' expr  (11)
	variable : data_type . tIDENTIFIER '!'  (12)
	var_decl : data_type . tIDENTIFIER '=' expr  (13)
	var_decl : data_type . tIDENTIFIER  (14)
	function : data_type . tIDENTIFIER '?' '(' func_args ')'  (19)
	function : data_type . tIDENTIFIER '!' '(' func_args ')'  (21)
	function : data_type . tIDENTIFIER '(' func_args ')'  (23)
	function : data_type . tIDENTIFIER '!' '(' func_args ')' '=' literal body  (26)
	function : data_type . tIDENTIFIER '!' '(' func_args ')' body  (27)
	function : data_type . tIDENTIFIER '(' func_args ')' '=' literal body  (29)
	function : data_type . tIDENTIFIER '(' func_args ')' body  (30)

	tIDENTIFIER  shift 18
	.  error


state 14
	data_type : '<' data_type . '>'  (18)

	'>'  shift 19
	.  error


state 15
	function : '!' tIDENTIFIER . '?' '(' func_args ')'  (20)
	function : '!' tIDENTIFIER . '!' '(' func_args ')'  (22)
	function : '!' tIDENTIFIER . '(' func_args ')'  (24)
	function : '!' tIDENTIFIER . '!' '(' func_args ')' body  (25)
	function : '!' tIDENTIFIER . '(' func_args ')' body  (28)

	'?'  shift 20
	'!'  shift 21
	'('  shift 22
	.  error


state 16
	declaration : var_decls ';' .  (5)

	.  reduce 5


state 17
	decls : decls declaration .  (4)

	.  reduce 4


state 18
	variable : data_type tIDENTIFIER . '?' '=' expr  (9)
	variable : data_type tIDENTIFIER . '?'  (10)
	variable : data_type tIDENTIFIER . '!' '=' expr  (11)
	variable : data_type tIDENTIFIER . '!'  (12)
	var_decl : data_type tIDENTIFIER . '=' expr  (13)
	var_decl : data_type tIDENTIFIER .  (14)
	function : data_type tIDENTIFIER . '?' '(' func_args ')'  (19)
	function : data_type tIDENTIFIER . '!' '(' func_args ')'  (21)
	function : data_type tIDENTIFIER . '(' func_args ')'  (23)
	function : data_type tIDENTIFIER . '!' '(' func_args ')' '=' literal body  (26)
	function : data_type tIDENTIFIER . '!' '(' func_args ')' body  (27)
	function : data_type tIDENTIFIER . '(' func_args ')' '=' literal body  (29)
	function : data_type tIDENTIFIER . '(' func_args ')' body  (30)

	'='  shift 23
	'?'  shift 24
	'!'  shift 25
	'('  shift 26
	';'  reduce 14


state 19
	data_type : '<' data_type '>' .  (18)

	.  reduce 18


state 20
	function : '!' tIDENTIFIER '?' . '(' func_args ')'  (20)

	'('  shift 27
	.  error


state 21
	function : '!' tIDENTIFIER '!' . '(' func_args ')'  (22)
	function : '!' tIDENTIFIER '!' . '(' func_args ')' body  (25)

	'('  shift 28
	.  error


state 22
	function : '!' tIDENTIFIER '(' . func_args ')'  (24)
	function : '!' tIDENTIFIER '(' . func_args ')' body  (28)
	func_args : .  (33)

	'<'  shift 1
	'%'  shift 2
	'#'  shift 4
	'$'  shift 5
	')'  reduce 33
	','  reduce 33

	var_decl  goto 29
	func_args  goto 30
	data_type  goto 31


state 23
	var_decl : data_type tIDENTIFIER '=' . expr  (13)

	tINTEGER  shift 32
	tREAL  shift 33
	tIDENTIFIER  shift 34
	tSTRING  shift 35
	'~'  shift 36
	'+'  shift 37
	'-'  shift 38
	'('  shift 39
	'@'  shift 40
	'['  shift 41
	.  error

	string  goto 42
	expr  goto 43
	func_call  goto 44
	literal  goto 45
	integer  goto 46
	real  goto 47
	lval  goto 48


state 24
	variable : data_type tIDENTIFIER '?' . '=' expr  (9)
	variable : data_type tIDENTIFIER '?' .  (10)
	function : data_type tIDENTIFIER '?' . '(' func_args ')'  (19)

	'='  shift 49
	'('  shift 50
	';'  reduce 10


state 25
	variable : data_type tIDENTIFIER '!' . '=' expr  (11)
	variable : data_type tIDENTIFIER '!' .  (12)
	function : data_type tIDENTIFIER '!' . '(' func_args ')'  (21)
	function : data_type tIDENTIFIER '!' . '(' func_args ')' '=' literal body  (26)
	function : data_type tIDENTIFIER '!' . '(' func_args ')' body  (27)

	'='  shift 51
	'('  shift 52
	';'  reduce 12


state 26
	function : data_type tIDENTIFIER '(' . func_args ')'  (23)
	function : data_type tIDENTIFIER '(' . func_args ')' '=' literal body  (29)
	function : data_type tIDENTIFIER '(' . func_args ')' body  (30)
	func_args : .  (33)

	'<'  shift 1
	'%'  shift 2
	'#'  shift 4
	'$'  shift 5
	')'  reduce 33
	','  reduce 33

	var_decl  goto 29
	func_args  goto 53
	data_type  goto 31


state 27
	function : '!' tIDENTIFIER '?' '(' . func_args ')'  (20)
	func_args : .  (33)

	'<'  shift 1
	'%'  shift 2
	'#'  shift 4
	'$'  shift 5
	')'  reduce 33
	','  reduce 33

	var_decl  goto 29
	func_args  goto 54
	data_type  goto 31


state 28
	function : '!' tIDENTIFIER '!' '(' . func_args ')'  (22)
	function : '!' tIDENTIFIER '!' '(' . func_args ')' body  (25)
	func_args : .  (33)

	'<'  shift 1
	'%'  shift 2
	'#'  shift 4
	'$'  shift 5
	')'  reduce 33
	','  reduce 33

	var_decl  goto 29
	func_args  goto 55
	data_type  goto 31


state 29
	func_args : var_decl .  (31)

	.  reduce 31


state 30
	function : '!' tIDENTIFIER '(' func_args . ')'  (24)
	function : '!' tIDENTIFIER '(' func_args . ')' body  (28)
	func_args : func_args . ',' var_decl  (32)

	')'  shift 56
	','  shift 57
	.  error


state 31
	var_decl : data_type . tIDENTIFIER '=' expr  (13)
	var_decl : data_type . tIDENTIFIER  (14)

	tIDENTIFIER  shift 58
	.  error


state 32
	integer : tINTEGER .  (41)

	.  reduce 41


state 33
	real : tREAL .  (42)

	.  reduce 42


state 34
	func_call : tIDENTIFIER . '(' opt_expressions ')'  (34)
	lval : tIDENTIFIER .  (119)

	'('  shift 59
	tPRINTLN  reduce 119
	tINTERVALO  reduce 119
	'='  reduce 119
	':'  reduce 119
	tOR  reduce 119
	tAND  reduce 119
	tEQ  reduce 119
	'<'  reduce 119
	'>'  reduce 119
	tGE  reduce 119
	tLE  reduce 119
	tNE  reduce 119
	'+'  reduce 119
	'-'  reduce 119
	'*'  reduce 119
	'/'  reduce 119
	'%'  reduce 119
	'?'  reduce 119
	';'  reduce 119
	'!'  reduce 119
	')'  reduce 119
	','  reduce 119
	'['  reduce 119
	']'  reduce 119


state 35
	string : tSTRING .  (43)

	.  reduce 43


state 36
	expr : '~' . expr  (103)

	tINTEGER  shift 32
	tREAL  shift 33
	tIDENTIFIER  shift 34
	tSTRING  shift 35
	'~'  shift 36
	'+'  shift 37
	'-'  shift 38
	'('  shift 39
	'@'  shift 40
	'['  shift 41
	.  error

	string  goto 42
	expr  goto 60
	func_call  goto 44
	literal  goto 45
	integer  goto 46
	real  goto 47
	lval  goto 48


state 37
	expr : '+' . expr  (95)

	tINTEGER  shift 32
	tREAL  shift 33
	tIDENTIFIER  shift 34
	tSTRING  shift 35
	'~'  shift 36
	'+'  shift 37
	'-'  shift 38
	'('  shift 39
	'@'  shift 40
	'['  shift 41
	.  error

	string  goto 42
	expr  goto 61
	func_call  goto 44
	literal  goto 45
	integer  goto 46
	real  goto 47
	lval  goto 48


state 38
	expr : '-' . expr  (94)

	tINTEGER  shift 32
	tREAL  shift 33
	tIDENTIFIER  shift 34
	tSTRING  shift 35
	'~'  shift 36
	'+'  shift 37
	'-'  shift 38
	'('  shift 39
	'@'  shift 40
	'['  shift 41
	.  error

	string  goto 42
	expr  goto 62
	func_call  goto 44
	literal  goto 45
	integer  goto 46
	real  goto 47
	lval  goto 48


state 39
	expr : '(' . expr ')'  (116)
	lval : '(' . expr ')' '[' expr ']'  (122)

	tINTEGER  shift 32
	tREAL  shift 33
	tIDENTIFIER  shift 34
	tSTRING  shift 35
	'~'  shift 36
	'+'  shift 37
	'-'  shift 38
	'('  shift 39
	'@'  shift 40
	'['  shift 41
	.  error

	string  goto 42
	expr  goto 63
	func_call  goto 44
	literal  goto 45
	integer  goto 46
	real  goto 47
	lval  goto 48


state 40
	func_call : '@' . '(' opt_expressions ')'  (35)
	expr : '@' . '=' expr  (112)
	expr : '@' . '?'  (115)
	expr : '@' .  (117)
	lval : '@' . '[' expr ']'  (121)

	'='  shift 64
	'?'  shift 65
	'('  shift 66
	'['  shift 67
	tPRINTLN  reduce 117
	tINTERVALO  reduce 117
	tOR  reduce 117
	tAND  reduce 117
	tEQ  reduce 117
	'<'  reduce 117
	'>'  reduce 117
	tGE  reduce 117
	tLE  reduce 117
	tNE  reduce 117
	'+'  reduce 117
	'-'  reduce 117
	'*'  reduce 117
	'/'  reduce 117
	'%'  reduce 117
	';'  reduce 117
	'!'  reduce 117
	')'  reduce 117
	','  reduce 117
	']'  reduce 117


state 41
	expr : '[' . expr ']'  (113)

	tINTEGER  shift 32
	tREAL  shift 33
	tIDENTIFIER  shift 34
	tSTRING  shift 35
	'~'  shift 36
	'+'  shift 37
	'-'  shift 38
	'('  shift 39
	'@'  shift 40
	'['  shift 41
	.  error

	string  goto 42
	expr  goto 68
	func_call  goto 44
	literal  goto 45
	integer  goto 46
	real  goto 47
	lval  goto 48


state 42
	literal : string .  (39)
	string : string . tSTRING  (44)

	tSTRING  shift 69
	tPRINTLN  reduce 39
	tDGT  reduce 39
	tDLT  reduce 39
	tINTERVALO  reduce 39
	tOR  reduce 39
	tAND  reduce 39
	tEQ  reduce 39
	'<'  reduce 39
	'>'  reduce 39
	tGE  reduce 39
	tLE  reduce 39
	tNE  reduce 39
	'+'  reduce 39
	'-'  reduce 39
	'*'  reduce 39
	'/'  reduce 39
	'%'  reduce 39
	';'  reduce 39
	'!'  reduce 39
	'('  reduce 39
	')'  reduce 39
	','  reduce 39
	'['  reduce 39
	']'  reduce 39
	'{'  reduce 39


state 43
	var_decl : data_type tIDENTIFIER '=' expr .  (13)
	expr : expr . '+' expr  (96)
	expr : expr . '-' expr  (97)
	expr : expr . '/' expr  (98)
	expr : expr . '*' expr  (99)
	expr : expr . '%' expr  (100)
	expr : expr . '<' expr  (101)
	expr : expr . '>' expr  (102)
	expr : expr . tGE expr  (104)
	expr : expr . tLE expr  (105)
	expr : expr . tNE expr  (106)
	expr : expr . tEQ expr  (107)
	expr : expr . tOR expr  (108)
	expr : expr . tAND expr  (109)

	tOR  shift 70
	tAND  shift 71
	tEQ  shift 72
	'<'  shift 73
	'>'  shift 74
	tGE  shift 75
	tLE  shift 76
	tNE  shift 77
	'+'  shift 78
	'-'  shift 79
	'*'  shift 80
	'/'  shift 81
	'%'  shift 82
	';'  reduce 13
	')'  reduce 13
	','  reduce 13


state 44
	expr : func_call .  (118)
	lval : func_call . '[' expr ']'  (123)

	'['  shift 83
	tPRINTLN  reduce 118
	tINTERVALO  reduce 118
	tOR  reduce 118
	tAND  reduce 118
	tEQ  reduce 118
	'<'  reduce 118
	'>'  reduce 118
	tGE  reduce 118
	tLE  reduce 118
	tNE  reduce 118
	'+'  reduce 118
	'-'  reduce 118
	'*'  reduce 118
	'/'  reduce 118
	'%'  reduce 118
	';'  reduce 118
	'!'  reduce 118
	')'  reduce 118
	','  reduce 118
	']'  reduce 118


state 45
	expr : literal .  (93)

	.  reduce 93


state 46
	literal : integer .  (38)

	.  reduce 38


state 47
	literal : real .  (40)

	.  reduce 40


state 48
	expr : lval .  (110)
	expr : lval . '=' expr  (111)
	expr : lval . '?'  (114)
	lval : lval . '[' expr ']'  (120)

	'='  shift 84
	'?'  shift 85
	'['  shift 86
	tPRINTLN  reduce 110
	tINTERVALO  reduce 110
	tOR  reduce 110
	tAND  reduce 110
	tEQ  reduce 110
	'<'  reduce 110
	'>'  reduce 110
	tGE  reduce 110
	tLE  reduce 110
	tNE  reduce 110
	'+'  reduce 110
	'-'  reduce 110
	'*'  reduce 110
	'/'  reduce 110
	'%'  reduce 110
	';'  reduce 110
	'!'  reduce 110
	')'  reduce 110
	','  reduce 110
	']'  reduce 110


state 49
	variable : data_type tIDENTIFIER '?' '=' . expr  (9)

	tINTEGER  shift 32
	tREAL  shift 33
	tIDENTIFIER  shift 34
	tSTRING  shift 35
	'~'  shift 36
	'+'  shift 37
	'-'  shift 38
	'('  shift 39
	'@'  shift 40
	'['  shift 41
	.  error

	string  goto 42
	expr  goto 87
	func_call  goto 44
	literal  goto 45
	integer  goto 46
	real  goto 47
	lval  goto 48


state 50
	function : data_type tIDENTIFIER '?' '(' . func_args ')'  (19)
	func_args : .  (33)

	'<'  shift 1
	'%'  shift 2
	'#'  shift 4
	'$'  shift 5
	')'  reduce 33
	','  reduce 33

	var_decl  goto 29
	func_args  goto 88
	data_type  goto 31


state 51
	variable : data_type tIDENTIFIER '!' '=' . expr  (11)

	tINTEGER  shift 32
	tREAL  shift 33
	tIDENTIFIER  shift 34
	tSTRING  shift 35
	'~'  shift 36
	'+'  shift 37
	'-'  shift 38
	'('  shift 39
	'@'  shift 40
	'['  shift 41
	.  error

	string  goto 42
	expr  goto 89
	func_call  goto 44
	literal  goto 45
	integer  goto 46
	real  goto 47
	lval  goto 48


state 52
	function : data_type tIDENTIFIER '!' '(' . func_args ')'  (21)
	function : data_type tIDENTIFIER '!' '(' . func_args ')' '=' literal body  (26)
	function : data_type tIDENTIFIER '!' '(' . func_args ')' body  (27)
	func_args : .  (33)

	'<'  shift 1
	'%'  shift 2
	'#'  shift 4
	'$'  shift 5
	')'  reduce 33
	','  reduce 33

	var_decl  goto 29
	func_args  goto 90
	data_type  goto 31


state 53
	function : data_type tIDENTIFIER '(' func_args . ')'  (23)
	function : data_type tIDENTIFIER '(' func_args . ')' '=' literal body  (29)
	function : data_type tIDENTIFIER '(' func_args . ')' body  (30)
	func_args : func_args . ',' var_decl  (32)

	')'  shift 91
	','  shift 57
	.  error


state 54
	function : '!' tIDENTIFIER '?' '(' func_args . ')'  (20)
	func_args : func_args . ',' var_decl  (32)

	')'  shift 92
	','  shift 57
	.  error


state 55
	function : '!' tIDENTIFIER '!' '(' func_args . ')'  (22)
	function : '!' tIDENTIFIER '!' '(' func_args . ')' body  (25)
	func_args : func_args . ',' var_decl  (32)

	')'  shift 93
	','  shift 57
	.  error


state 56
	function : '!' tIDENTIFIER '(' func_args ')' .  (24)
	function : '!' tIDENTIFIER '(' func_args ')' . body  (28)

	tDGT  shift 94
	tDLT  shift 95
	'('  shift 96
	'['  shift 97
	'{'  shift 98
	$end  reduce 24
	'<'  reduce 24
	'%'  reduce 24
	'!'  reduce 24
	'#'  reduce 24
	'$'  reduce 24

	sections  goto 99
	body  goto 100
	code_block  goto 101
	section  goto 102
	initial_section  goto 103
	final_section  goto 104


state 57
	func_args : func_args ',' . var_decl  (32)

	'<'  shift 1
	'%'  shift 2
	'#'  shift 4
	'$'  shift 5
	.  error

	var_decl  goto 105
	data_type  goto 31


state 58
	var_decl : data_type tIDENTIFIER . '=' expr  (13)
	var_decl : data_type tIDENTIFIER .  (14)

	'='  shift 23
	';'  reduce 14
	')'  reduce 14
	','  reduce 14


state 59
	func_call : tIDENTIFIER '(' . opt_expressions ')'  (34)
	opt_expressions : .  (36)

	tINTEGER  shift 32
	tREAL  shift 33
	tIDENTIFIER  shift 34
	tSTRING  shift 35
	'~'  shift 36
	'+'  shift 37
	'-'  shift 38
	'('  shift 39
	'@'  shift 40
	'['  shift 41
	')'  reduce 36

	string  goto 42
	opt_expressions  goto 106
	expressions  goto 107
	expr  goto 108
	func_call  goto 44
	literal  goto 45
	integer  goto 46
	real  goto 47
	lval  goto 48


state 60
	expr : expr . '+' expr  (96)
	expr : expr . '-' expr  (97)
	expr : expr . '/' expr  (98)
	expr : expr . '*' expr  (99)
	expr : expr . '%' expr  (100)
	expr : expr . '<' expr  (101)
	expr : expr . '>' expr  (102)
	expr : '~' expr .  (103)
	expr : expr . tGE expr  (104)
	expr : expr . tLE expr  (105)
	expr : expr . tNE expr  (106)
	expr : expr . tEQ expr  (107)
	expr : expr . tOR expr  (108)
	expr : expr . tAND expr  (109)

	tOR  shift 70
	tAND  shift 71
	tEQ  shift 72
	'<'  shift 73
	'>'  shift 74
	tGE  shift 75
	tLE  shift 76
	tNE  shift 77
	'+'  shift 78
	'-'  shift 79
	'*'  shift 80
	'/'  shift 81
	'%'  shift 82
	tPRINTLN  reduce 103
	tINTERVALO  reduce 103
	';'  reduce 103
	'!'  reduce 103
	')'  reduce 103
	','  reduce 103
	']'  reduce 103


state 61
	expr : '+' expr .  (95)
	expr : expr . '+' expr  (96)
	expr : expr . '-' expr  (97)
	expr : expr . '/' expr  (98)
	expr : expr . '*' expr  (99)
	expr : expr . '%' expr  (100)
	expr : expr . '<' expr  (101)
	expr : expr . '>' expr  (102)
	expr : expr . tGE expr  (104)
	expr : expr . tLE expr  (105)
	expr : expr . tNE expr  (106)
	expr : expr . tEQ expr  (107)
	expr : expr . tOR expr  (108)
	expr : expr . tAND expr  (109)

	'*'  shift 80
	'/'  shift 81
	'%'  shift 82
	tPRINTLN  reduce 95
	tINTERVALO  reduce 95
	tOR  reduce 95
	tAND  reduce 95
	tEQ  reduce 95
	'<'  reduce 95
	'>'  reduce 95
	tGE  reduce 95
	tLE  reduce 95
	tNE  reduce 95
	'+'  reduce 95
	'-'  reduce 95
	';'  reduce 95
	'!'  reduce 95
	')'  reduce 95
	','  reduce 95
	']'  reduce 95


state 62
	expr : '-' expr .  (94)
	expr : expr . '+' expr  (96)
	expr : expr . '-' expr  (97)
	expr : expr . '/' expr  (98)
	expr : expr . '*' expr  (99)
	expr : expr . '%' expr  (100)
	expr : expr . '<' expr  (101)
	expr : expr . '>' expr  (102)
	expr : expr . tGE expr  (104)
	expr : expr . tLE expr  (105)
	expr : expr . tNE expr  (106)
	expr : expr . tEQ expr  (107)
	expr : expr . tOR expr  (108)
	expr : expr . tAND expr  (109)

	'*'  shift 80
	'/'  shift 81
	'%'  shift 82
	tPRINTLN  reduce 94
	tINTERVALO  reduce 94
	tOR  reduce 94
	tAND  reduce 94
	tEQ  reduce 94
	'<'  reduce 94
	'>'  reduce 94
	tGE  reduce 94
	tLE  reduce 94
	tNE  reduce 94
	'+'  reduce 94
	'-'  reduce 94
	';'  reduce 94
	'!'  reduce 94
	')'  reduce 94
	','  reduce 94
	']'  reduce 94


state 63
	expr : expr . '+' expr  (96)
	expr : expr . '-' expr  (97)
	expr : expr . '/' expr  (98)
	expr : expr . '*' expr  (99)
	expr : expr . '%' expr  (100)
	expr : expr . '<' expr  (101)
	expr : expr . '>' expr  (102)
	expr : expr . tGE expr  (104)
	expr : expr . tLE expr  (105)
	expr : expr . tNE expr  (106)
	expr : expr . tEQ expr  (107)
	expr : expr . tOR expr  (108)
	expr : expr . tAND expr  (109)
	expr : '(' expr . ')'  (116)
	lval : '(' expr . ')' '[' expr ']'  (122)

	tOR  shift 70
	tAND  shift 71
	tEQ  shift 72
	'<'  shift 73
	'>'  shift 74
	tGE  shift 75
	tLE  shift 76
	tNE  shift 77
	'+'  shift 78
	'-'  shift 79
	'*'  shift 80
	'/'  shift 81
	'%'  shift 82
	')'  shift 109
	.  error


state 64
	expr : '@' '=' . expr  (112)

	tINTEGER  shift 32
	tREAL  shift 33
	tIDENTIFIER  shift 34
	tSTRING  shift 35
	'~'  shift 36
	'+'  shift 37
	'-'  shift 38
	'('  shift 39
	'@'  shift 40
	'['  shift 41
	.  error

	string  goto 42
	expr  goto 110
	func_call  goto 44
	literal  goto 45
	integer  goto 46
	real  goto 47
	lval  goto 48


state 65
	expr : '@' '?' .  (115)

	.  reduce 115


state 66
	func_call : '@' '(' . opt_expressions ')'  (35)
	opt_expressions : .  (36)

	tINTEGER  shift 32
	tREAL  shift 33
	tIDENTIFIER  shift 34
	tSTRING  shift 35
	'~'  shift 36
	'+'  shift 37
	'-'  shift 38
	'('  shift 39
	'@'  shift 40
	'['  shift 41
	')'  reduce 36

	string  goto 42
	opt_expressions  goto 111
	expressions  goto 107
	expr  goto 108
	func_call  goto 44
	literal  goto 45
	integer  goto 46
	real  goto 47
	lval  goto 48


state 67
	lval : '@' '[' . expr ']'  (121)

	tINTEGER  shift 32
	tREAL  shift 33
	tIDENTIFIER  shift 34
	tSTRING  shift 35
	'~'  shift 36
	'+'  shift 37
	'-'  shift 38
	'('  shift 39
	'@'  shift 40
	'['  shift 41
	.  error

	string  goto 42
	expr  goto 112
	func_call  goto 44
	literal  goto 45
	integer  goto 46
	real  goto 47
	lval  goto 48


state 68
	expr : expr . '+' expr  (96)
	expr : expr . '-' expr  (97)
	expr : expr . '/' expr  (98)
	expr : expr . '*' expr  (99)
	expr : expr . '%' expr  (100)
	expr : expr . '<' expr  (101)
	expr : expr . '>' expr  (102)
	expr : expr . tGE expr  (104)
	expr : expr . tLE expr  (105)
	expr : expr . tNE expr  (106)
	expr : expr . tEQ expr  (107)
	expr : expr . tOR expr  (108)
	expr : expr . tAND expr  (109)
	expr : '[' expr . ']'  (113)

	tOR  shift 70
	tAND  shift 71
	tEQ  shift 72
	'<'  shift 73
	'>'  shift 74
	tGE  shift 75
	tLE  shift 76
	tNE  shift 77
	'+'  shift 78
	'-'  shift 79
	'*'  shift 80
	'/'  shift 81
	'%'  shift 82
	']'  shift 113
	.  error


state 69
	string : string tSTRING .  (44)

	.  reduce 44


state 70
	expr : expr tOR . expr  (108)

	tINTEGER  shift 32
	tREAL  shift 33
	tIDENTIFIER  shift 34
	tSTRING  shift 35
	'~'  shift 36
	'+'  shift 37
	'-'  shift 38
	'('  shift 39
	'@'  shift 40
	'['  shift 41
	.  error

	string  goto 42
	expr  goto 114
	func_call  goto 44
	literal  goto 45
	integer  goto 46
	real  goto 47
	lval  goto 48


state 71
	expr : expr tAND . expr  (109)

	tINTEGER  shift 32
	tREAL  shift 33
	tIDENTIFIER  shift 34
	tSTRING  shift 35
	'~'  shift 36
	'+'  shift 37
	'-'  shift 38
	'('  shift 39
	'@'  shift 40
	'['  shift 41
	.  error

	string  goto 42
	expr  goto 115
	func_call  goto 44
	literal  goto 45
	integer  goto 46
	real  goto 47
	lval  goto 48


state 72
	expr : expr tEQ . expr  (107)

	tINTEGER  shift 32
	tREAL  shift 33
	tIDENTIFIER  shift 34
	tSTRING  shift 35
	'~'  shift 36
	'+'  shift 37
	'-'  shift 38
	'('  shift 39
	'@'  shift 40
	'['  shift 41
	.  error

	string  goto 42
	expr  goto 116
	func_call  goto 44
	literal  goto 45
	integer  goto 46
	real  goto 47
	lval  goto 48


state 73
	expr : expr '<' . expr  (101)

	tINTEGER  shift 32
	tREAL  shift 33
	tIDENTIFIER  shift 34
	tSTRING  shift 35
	'~'  shift 36
	'+'  shift 37
	'-'  shift 38
	'('  shift 39
	'@'  shift 40
	'['  shift 41
	.  error

	string  goto 42
	expr  goto 117
	func_call  goto 44
	literal  goto 45
	integer  goto 46
	real  goto 47
	lval  goto 48


state 74
	expr : expr '>' . expr  (102)

	tINTEGER  shift 32
	tREAL  shift 33
	tIDENTIFIER  shift 34
	tSTRING  shift 35
	'~'  shift 36
	'+'  shift 37
	'-'  shift 38
	'('  shift 39
	'@'  shift 40
	'['  shift 41
	.  error

	string  goto 42
	expr  goto 118
	func_call  goto 44
	literal  goto 45
	integer  goto 46
	real  goto 47
	lval  goto 48


state 75
	expr : expr tGE . expr  (104)

	tINTEGER  shift 32
	tREAL  shift 33
	tIDENTIFIER  shift 34
	tSTRING  shift 35
	'~'  shift 36
	'+'  shift 37
	'-'  shift 38
	'('  shift 39
	'@'  shift 40
	'['  shift 41
	.  error

	string  goto 42
	expr  goto 119
	func_call  goto 44
	literal  goto 45
	integer  goto 46
	real  goto 47
	lval  goto 48


state 76
	expr : expr tLE . expr  (105)

	tINTEGER  shift 32
	tREAL  shift 33
	tIDENTIFIER  shift 34
	tSTRING  shift 35
	'~'  shift 36
	'+'  shift 37
	'-'  shift 38
	'('  shift 39
	'@'  shift 40
	'['  shift 41
	.  error

	string  goto 42
	expr  goto 120
	func_call  goto 44
	literal  goto 45
	integer  goto 46
	real  goto 47
	lval  goto 48


state 77
	expr : expr tNE . expr  (106)

	tINTEGER  shift 32
	tREAL  shift 33
	tIDENTIFIER  shift 34
	tSTRING  shift 35
	'~'  shift 36
	'+'  shift 37
	'-'  shift 38
	'('  shift 39
	'@'  shift 40
	'['  shift 41
	.  error

	string  goto 42
	expr  goto 121
	func_call  goto 44
	literal  goto 45
	integer  goto 46
	real  goto 47
	lval  goto 48


state 78
	expr : expr '+' . expr  (96)

	tINTEGER  shift 32
	tREAL  shift 33
	tIDENTIFIER  shift 34
	tSTRING  shift 35
	'~'  shift 36
	'+'  shift 37
	'-'  shift 38
	'('  shift 39
	'@'  shift 40
	'['  shift 41
	.  error

	string  goto 42
	expr  goto 122
	func_call  goto 44
	literal  goto 45
	integer  goto 46
	real  goto 47
	lval  goto 48


state 79
	expr : expr '-' . expr  (97)

	tINTEGER  shift 32
	tREAL  shift 33
	tIDENTIFIER  shift 34
	tSTRING  shift 35
	'~'  shift 36
	'+'  shift 37
	'-'  shift 38
	'('  shift 39
	'@'  shift 40
	'['  shift 41
	.  error

	string  goto 42
	expr  goto 123
	func_call  goto 44
	literal  goto 45
	integer  goto 46
	real  goto 47
	lval  goto 48


state 80
	expr : expr '*' . expr  (99)

	tINTEGER  shift 32
	tREAL  shift 33
	tIDENTIFIER  shift 34
	tSTRING  shift 35
	'~'  shift 36
	'+'  shift 37
	'-'  shift 38
	'('  shift 39
	'@'  shift 40
	'['  shift 41
	.  error

	string  goto 42
	expr  goto 124
	func_call  goto 44
	literal  goto 45
	integer  goto 46
	real  goto 47
	lval  goto 48


state 81
	expr : expr '/' . expr  (98)

	tINTEGER  shift 32
	tREAL  shift 33
	tIDENTIFIER  shift 34
	tSTRING  shift 35
	'~'  shift 36
	'+'  shift 37
	'-'  shift 38
	'('  shift 39
	'@'  shift 40
	'['  shift 41
	.  error

	string  goto 42
	expr  goto 125
	func_call  goto 44
	literal  goto 45
	integer  goto 46
	real  goto 47
	lval  goto 48


state 82
	expr : expr '%' . expr  (100)

	tINTEGER  shift 32
	tREAL  shift 33
	tIDENTIFIER  shift 34
	tSTRING  shift 35
	'~'  shift 36
	'+'  shift 37
	'-'  shift 38
	'('  shift 39
	'@'  shift 40
	'['  shift 41
	.  error

	string  goto 42
	expr  goto 126
	func_call  goto 44
	literal  goto 45
	integer  goto 46
	real  goto 47
	lval  goto 48


state 83
	lval : func_call '[' . expr ']'  (123)

	tINTEGER  shift 32
	tREAL  shift 33
	tIDENTIFIER  shift 34
	tSTRING  shift 35
	'~'  shift 36
	'+'  shift 37
	'-'  shift 38
	'('  shift 39
	'@'  shift 40
	'['  shift 41
	.  error

	string  goto 42
	expr  goto 127
	func_call  goto 44
	literal  goto 45
	integer  goto 46
	real  goto 47
	lval  goto 48


state 84
	expr : lval '=' . expr  (111)

	tINTEGER  shift 32
	tREAL  shift 33
	tIDENTIFIER  shift 34
	tSTRING  shift 35
	'~'  shift 36
	'+'  shift 37
	'-'  shift 38
	'('  shift 39
	'@'  shift 40
	'['  shift 41
	.  error

	string  goto 42
	expr  goto 128
	func_call  goto 44
	literal  goto 45
	integer  goto 46
	real  goto 47
	lval  goto 48


state 85
	expr : lval '?' .  (114)

	.  reduce 114


state 86
	lval : lval '[' . expr ']'  (120)

	tINTEGER  shift 32
	tREAL  shift 33
	tIDENTIFIER  shift 34
	tSTRING  shift 35
	'~'  shift 36
	'+'  shift 37
	'-'  shift 38
	'('  shift 39
	'@'  shift 40
	'['  shift 41
	.  error

	string  goto 42
	expr  goto 129
	func_call  goto 44
	literal  goto 45
	integer  goto 46
	real  goto 47
	lval  goto 48


state 87
	variable : data_type tIDENTIFIER '?' '=' expr .  (9)
	expr : expr . '+' expr  (96)
	expr : expr . '-' expr  (97)
	expr : expr . '/' expr  (98)
	expr : expr . '*' expr  (99)
	expr : expr . '%' expr  (100)
	expr : expr . '<' expr  (101)
	expr : expr . '>' expr  (102)
	expr : expr . tGE expr  (104)
	expr : expr . tLE expr  (105)
	expr : expr . tNE expr  (106)
	expr : expr . tEQ expr  (107)
	expr : expr . tOR expr  (108)
	expr : expr . tAND expr  (109)

	tOR  shift 70
	tAND  shift 71
	tEQ  shift 72
	'<'  shift 73
	'>'  shift 74
	tGE  shift 75
	tLE  shift 76
	tNE  shift 77
	'+'  shift 78
	'-'  shift 79
	'*'  shift 80
	'/'  shift 81
	'%'  shift 82
	';'  reduce 9


state 88
	function : data_type tIDENTIFIER '?' '(' func_args . ')'  (19)
	func_args : func_args . ',' var_decl  (32)

	')'  shift 130
	','  shift 57
	.  error


state 89
	variable : data_type tIDENTIFIER '!' '=' expr .  (11)
	expr : expr . '+' expr  (96)
	expr : expr . '-' expr  (97)
	expr : expr . '/' expr  (98)
	expr : expr . '*' expr  (99)
	expr : expr . '%' expr  (100)
	expr : expr . '<' expr  (101)
	expr : expr . '>' expr  (102)
	expr : expr . tGE expr  (104)
	expr : expr . tLE expr  (105)
	expr : expr . tNE expr  (106)
	expr : expr . tEQ expr  (107)
	expr : expr . tOR expr  (108)
	expr : expr . tAND expr  (109)

	tOR  shift 70
	tAND  shift 71
	tEQ  shift 72
	'<'  shift 73
	'>'  shift 74
	tGE  shift 75
	tLE  shift 76
	tNE  shift 77
	'+'  shift 78
	'-'  shift 79
	'*'  shift 80
	'/'  shift 81
	'%'  shift 82
	';'  reduce 11


state 90
	function : data_type tIDENTIFIER '!' '(' func_args . ')'  (21)
	function : data_type tIDENTIFIER '!' '(' func_args . ')' '=' literal body  (26)
	function : data_type tIDENTIFIER '!' '(' func_args . ')' body  (27)
	func_args : func_args . ',' var_decl  (32)

	')'  shift 131
	','  shift 57
	.  error


state 91
	function : data_type tIDENTIFIER '(' func_args ')' .  (23)
	function : data_type tIDENTIFIER '(' func_args ')' . '=' literal body  (29)
	function : data_type tIDENTIFIER '(' func_args ')' . body  (30)

	tDGT  shift 94
	tDLT  shift 95
	'='  shift 132
	'('  shift 96
	'['  shift 97
	'{'  shift 98
	$end  reduce 23
	'<'  reduce 23
	'%'  reduce 23
	'!'  reduce 23
	'#'  reduce 23
	'$'  reduce 23

	sections  goto 99
	body  goto 133
	code_block  goto 101
	section  goto 102
	initial_section  goto 103
	final_section  goto 104


state 92
	function : '!' tIDENTIFIER '?' '(' func_args ')' .  (20)

	.  reduce 20


state 93
	function : '!' tIDENTIFIER '!' '(' func_args ')' .  (22)
	function : '!' tIDENTIFIER '!' '(' func_args ')' . body  (25)

	tDGT  shift 94
	tDLT  shift 95
	'('  shift 96
	'['  shift 97
	'{'  shift 98
	$end  reduce 22
	'<'  reduce 22
	'%'  reduce 22
	'!'  reduce 22
	'#'  reduce 22
	'$'  reduce 22

	sections  goto 99
	body  goto 134
	code_block  goto 101
	section  goto 102
	initial_section  goto 103
	final_section  goto 104


state 94
	final_section : tDGT . code_block  (60)

	'{'  shift 98
	.  error

	code_block  goto 135


state 95
	initial_section : tDLT . code_block  (52)

	'{'  shift 98
	.  error

	code_block  goto 136


state 96
	section : '(' . opt_expr ')' code_block  (55)
	opt_expr : .  (58)

	tINTEGER  shift 32
	tREAL  shift 33
	tIDENTIFIER  shift 34
	tSTRING  shift 35
	'~'  shift 36
	'+'  shift 37
	'-'  shift 38
	'('  shift 39
	'@'  shift 40
	'['  shift 41
	')'  reduce 58

	string  goto 42
	expr  goto 137
	func_call  goto 44
	literal  goto 45
	integer  goto 46
	real  goto 47
	opt_expr  goto 138
	lval  goto 48


state 97
	section : '[' . opt_expr ']' code_block  (56)
	opt_expr : .  (58)

	tINTEGER  shift 32
	tREAL  shift 33
	tIDENTIFIER  shift 34
	tSTRING  shift 35
	'~'  shift 36
	'+'  shift 37
	'-'  shift 38
	'('  shift 39
	'@'  shift 40
	'['  shift 41
	']'  reduce 58

	string  goto 42
	expr  goto 137
	func_call  goto 44
	literal  goto 45
	integer  goto 46
	real  goto 47
	opt_expr  goto 139
	lval  goto 48


state 98
	code_block : '{' . opt_instructions '}'  (61)
	code_block : '{' . inner_decls opt_instructions '}'  (62)
	opt_instructions : .  (65)

	tINTEGER  shift 32
	tREAL  shift 33
	tIDENTIFIER  shift 34
	tSTRING  shift 35
	tBREAK  shift 140
	tCONTINUE  shift 141
	tRETURN  shift 142
	tAPPLY  shift 143
	'~'  shift 36
	'<'  shift 1
	'+'  shift 37
	'-'  shift 38
	'%'  shift 2
	'#'  shift 4
	'$'  shift 5
	'('  shift 39
	'@'  shift 40
	'['  shift 144
	'{'  shift 98
	'}'  reduce 65

	string  goto 42
	instruction  goto 145
	iteration  goto 146
	conditional  goto 147
	variable  goto 9
	var_decl  goto 10
	var_decls  goto 148
	opt_instructions  goto 149
	inner_decls  goto 150
	instrs  goto 151
	expr  goto 152
	func_call  goto 44
	literal  goto 45
	integer  goto 46
	real  goto 47
	data_type  goto 153
	lval  goto 48
	code_block  goto 154


state 99
	body : sections . final_section  (46)
	body : sections .  (49)
	sections : sections . section  (54)

	tDGT  shift 94
	'('  shift 96
	'['  shift 97
	'{'  shift 98
	$end  reduce 49
	'<'  reduce 49
	'%'  reduce 49
	'!'  reduce 49
	'#'  reduce 49
	'$'  reduce 49

	code_block  goto 101
	section  goto 155
	final_section  goto 156


state 100
	function : '!' tIDENTIFIER '(' func_args ')' body .  (28)

	.  reduce 28


state 101
	section : code_block .  (57)

	.  reduce 57


state 102
	sections : section .  (53)

	.  reduce 53


state 103
	body : initial_section . sections final_section  (45)
	body : initial_section . sections  (47)
	body : initial_section . final_section  (48)
	body : initial_section .  (50)

	tDGT  shift 94
	'('  shift 96
	'['  shift 97
	'{'  shift 98
	$end  reduce 50
	'<'  reduce 50
	'%'  reduce 50
	'!'  reduce 50
	'#'  reduce 50
	'$'  reduce 50

	sections  goto 157
	code_block  goto 101
	section  goto 102
	final_section  goto 158


state 104
	body : final_section .  (51)

	.  reduce 51


state 105
	func_args : func_args ',' var_decl .  (32)

	.  reduce 32


state 106
	func_call : tIDENTIFIER '(' opt_expressions . ')'  (34)

	')'  shift 159
	.  error


state 107
	opt_expressions : expressions .  (37)
	expressions : expressions . ',' expr  (92)

	','  shift 160
	')'  reduce 37


state 108
	expressions : expr .  (91)
	expr : expr . '+' expr  (96)
	expr : expr . '-' expr  (97)
	expr : expr . '/' expr  (98)
	expr : expr . '*' expr  (99)
	expr : expr . '%' expr  (100)
	expr : expr . '<' expr  (101)
	expr : expr . '>' expr  (102)
	expr : expr . tGE expr  (104)
	expr : expr . tLE expr  (105)
	expr : expr . tNE expr  (106)
	expr : expr . tEQ expr  (107)
	expr : expr . tOR expr  (108)
	expr : expr . tAND expr  (109)

	tOR  shift 70
	tAND  shift 71
	tEQ  shift 72
	'<'  shift 73
	'>'  shift 74
	tGE  shift 75
	tLE  shift 76
	tNE  shift 77
	'+'  shift 78
	'-'  shift 79
	'*'  shift 80
	'/'  shift 81
	'%'  shift 82
	';'  reduce 91
	')'  reduce 91
	','  reduce 91
	']'  reduce 91


state 109
	expr : '(' expr ')' .  (116)
	lval : '(' expr ')' . '[' expr ']'  (122)

	'['  shift 161
	tPRINTLN  reduce 116
	tINTERVALO  reduce 116
	tOR  reduce 116
	tAND  reduce 116
	tEQ  reduce 116
	'<'  reduce 116
	'>'  reduce 116
	tGE  reduce 116
	tLE  reduce 116
	tNE  reduce 116
	'+'  reduce 116
	'-'  reduce 116
	'*'  reduce 116
	'/'  reduce 116
	'%'  reduce 116
	';'  reduce 116
	'!'  reduce 116
	')'  reduce 116
	','  reduce 116
	']'  reduce 116


state 110
	expr : expr . '+' expr  (96)
	expr : expr . '-' expr  (97)
	expr : expr . '/' expr  (98)
	expr : expr . '*' expr  (99)
	expr : expr . '%' expr  (100)
	expr : expr . '<' expr  (101)
	expr : expr . '>' expr  (102)
	expr : expr . tGE expr  (104)
	expr : expr . tLE expr  (105)
	expr : expr . tNE expr  (106)
	expr : expr . tEQ expr  (107)
	expr : expr . tOR expr  (108)
	expr : expr . tAND expr  (109)
	expr : '@' '=' expr .  (112)

	tOR  shift 70
	tAND  shift 71
	tEQ  shift 72
	'<'  shift 73
	'>'  shift 74
	tGE  shift 75
	tLE  shift 76
	tNE  shift 77
	'+'  shift 78
	'-'  shift 79
	'*'  shift 80
	'/'  shift 81
	'%'  shift 82
	tPRINTLN  reduce 112
	tINTERVALO  reduce 112
	';'  reduce 112
	'!'  reduce 112
	')'  reduce 112
	','  reduce 112
	']'  reduce 112


state 111
	func_call : '@' '(' opt_expressions . ')'  (35)

	')'  shift 162
	.  error


state 112
	expr : expr . '+' expr  (96)
	expr : expr . '-' expr  (97)
	expr : expr . '/' expr  (98)
	expr : expr . '*' expr  (99)
	expr : expr . '%' expr  (100)
	expr : expr . '<' expr  (101)
	expr : expr . '>' expr  (102)
	expr : expr . tGE expr  (104)
	expr : expr . tLE expr  (105)
	expr : expr . tNE expr  (106)
	expr : expr . tEQ expr  (107)
	expr : expr . tOR expr  (108)
	expr : expr . tAND expr  (109)
	lval : '@' '[' expr . ']'  (121)

	tOR  shift 70
	tAND  shift 71
	tEQ  shift 72
	'<'  shift 73
	'>'  shift 74
	tGE  shift 75
	tLE  shift 76
	tNE  shift 77
	'+'  shift 78
	'-'  shift 79
	'*'  shift 80
	'/'  shift 81
	'%'  shift 82
	']'  shift 163
	.  error


state 113
	expr : '[' expr ']' .  (113)

	.  reduce 113


state 114
	expr : expr . '+' expr  (96)
	expr : expr . '-' expr  (97)
	expr : expr . '/' expr  (98)
	expr : expr . '*' expr  (99)
	expr : expr . '%' expr  (100)
	expr : expr . '<' expr  (101)
	expr : expr . '>' expr  (102)
	expr : expr . tGE expr  (104)
	expr : expr . tLE expr  (105)
	expr : expr . tNE expr  (106)
	expr : expr . tEQ expr  (107)
	expr : expr . tOR expr  (108)
	expr : expr tOR expr .  (108)
	expr : expr . tAND expr  (109)

	tAND  shift 71
	tEQ  shift 72
	'<'  shift 73
	'>'  shift 74
	tGE  shift 75
	tLE  shift 76
	tNE  shift 77
	'+'  shift 78
	'-'  shift 79
	'*'  shift 80
	'/'  shift 81
	'%'  shift 82
	tPRINTLN  reduce 108
	tINTERVALO  reduce 108
	tOR  reduce 108
	';'  reduce 108
	'!'  reduce 108
	')'  reduce 108
	','  reduce 108
	']'  reduce 108


state 115
	expr : expr . '+' expr  (96)
	expr : expr . '-' expr  (97)
	expr : expr . '/' expr  (98)
	expr : expr . '*' expr  (99)
	expr : expr . '%' expr  (100)
	expr : expr . '<' expr  (101)
	expr : expr . '>' expr  (102)
	expr : expr . tGE expr  (104)
	expr : expr . tLE expr  (105)
	expr : expr . tNE expr  (106)
	expr : expr . tEQ expr  (107)
	expr : expr . tOR expr  (108)
	expr : expr . tAND expr  (109)
	expr : expr tAND expr .  (109)

	tEQ  shift 72
	'<'  shift 73
	'>'  shift 74
	tGE  shift 75
	tLE  shift 76
	tNE  shift 77
	'+'  shift 78
	'-'  shift 79
	'*'  shift 80
	'/'  shift 81
	'%'  shift 82
	tPRINTLN  reduce 109
	tINTERVALO  reduce 109
	tOR  reduce 109
	tAND  reduce 109
	';'  reduce 109
	'!'  reduce 109
	')'  reduce 109
	','  reduce 109
	']'  reduce 109


state 116
	expr : expr . '+' expr  (96)
	expr : expr . '-' expr  (97)
	expr : expr . '/' expr  (98)
	expr : expr . '*' expr  (99)
	expr : expr . '%' expr  (100)
	expr : expr . '<' expr  (101)
	expr : expr . '>' expr  (102)
	expr : expr . tGE expr  (104)
	expr : expr . tLE expr  (105)
	expr : expr . tNE expr  (106)
	expr : expr . tEQ expr  (107)
	expr : expr tEQ expr .  (107)
	expr : expr . tOR expr  (108)
	expr : expr . tAND expr  (109)

	'<'  shift 73
	'>'  shift 74
	tGE  shift 75
	tLE  shift 76
	tNE  shift 77
	'+'  shift 78
	'-'  shift 79
	'*'  shift 80
	'/'  shift 81
	'%'  shift 82
	tPRINTLN  reduce 107
	tINTERVALO  reduce 107
	tOR  reduce 107
	tAND  reduce 107
	tEQ  reduce 107
	';'  reduce 107
	'!'  reduce 107
	')'  reduce 107
	','  reduce 107
	']'  reduce 107


state 117
	expr : expr . '+' expr  (96)
	expr : expr . '-' expr  (97)
	expr : expr . '/' expr  (98)
	expr : expr . '*' expr  (99)
	expr : expr . '%' expr  (100)
	expr : expr . '<' expr  (101)
	expr : expr '<' expr .  (101)
	expr : expr . '>' expr  (102)
	expr : expr . tGE expr  (104)
	expr : expr . tLE expr  (105)
	expr : expr . tNE expr  (106)
	expr : expr . tEQ expr  (107)
	expr : expr . tOR expr  (108)
	expr : expr . tAND expr  (109)

	'+'  shift 78
	'-'  shift 79
	'*'  shift 80
	'/'  shift 81
	'%'  shift 82
	tPRINTLN  reduce 101
	tINTERVALO  reduce 101
	tOR  reduce 101
	tAND  reduce 101
	tEQ  reduce 101
	'<'  reduce 101
	'>'  reduce 101
	tGE  reduce 101
	tLE  reduce 101
	tNE  reduce 101
	';'  reduce 101
	'!'  reduce 101
	')'  reduce 101
	','  reduce 101
	']'  reduce 101


state 118
	expr : expr . '+' expr  (96)
	expr : expr . '-' expr  (97)
	expr : expr . '/' expr  (98)
	expr : expr . '*' expr  (99)
	expr : expr . '%' expr  (100)
	expr : expr . '<' expr  (101)
	expr : expr . '>' expr  (102)
	expr : expr '>' expr .  (102)
	expr : expr . tGE expr  (104)
	expr : expr . tLE expr  (105)
	expr : expr . tNE expr  (106)
	expr : expr . tEQ expr  (107)
	expr : expr . tOR expr  (108)
	expr : expr . tAND expr  (109)

	'+'  shift 78
	'-'  shift 79
	'*'  shift 80
	'/'  shift 81
	'%'  shift 82
	tPRINTLN  reduce 102
	tINTERVALO  reduce 102
	tOR  reduce 102
	tAND  reduce 102
	tEQ  reduce 102
	'<'  reduce 102
	'>'  reduce 102
	tGE  reduce 102
	tLE  reduce 102
	tNE  reduce 102
	';'  reduce 102
	'!'  reduce 102
	')'  reduce 102
	','  reduce 102
	']'  reduce 102


state 119
	expr : expr . '+' expr  (96)
	expr : expr . '-' expr  (97)
	expr : expr . '/' expr  (98)
	expr : expr . '*' expr  (99)
	expr : expr . '%' expr  (100)
	expr : expr . '<' expr  (101)
	expr : expr . '>' expr  (102)
	expr : expr . tGE expr  (104)
	expr : expr tGE expr .  (104)
	expr : expr . tLE expr  (105)
	expr : expr . tNE expr  (106)
	expr : expr . tEQ expr  (107)
	expr : expr . tOR expr  (108)
	expr : expr . tAND expr  (109)

	'+'  shift 78
	'-'  shift 79
	'*'  shift 80
	'/'  shift 81
	'%'  shift 82
	tPRINTLN  reduce 104
	tINTERVALO  reduce 104
	tOR  reduce 104
	tAND  reduce 104
	tEQ  reduce 104
	'<'  reduce 104
	'>'  reduce 104
	tGE  reduce 104
	tLE  reduce 104
	tNE  reduce 104
	';'  reduce 104
	'!'  reduce 104
	')'  reduce 104
	','  reduce 104
	']'  reduce 104


state 120
	expr : expr . '+' expr  (96)
	expr : expr . '-' expr  (97)
	expr : expr . '/' expr  (98)
	expr : expr . '*' expr  (99)
	expr : expr . '%' expr  (100)
	expr : expr . '<' expr  (101)
	expr : expr . '>' expr  (102)
	expr : expr . tGE expr  (104)
	expr : expr . tLE expr  (105)
	expr : expr tLE expr .  (105)
	expr : expr . tNE expr  (106)
	expr : expr . tEQ expr  (107)
	expr : expr . tOR expr  (108)
	expr : expr . tAND expr  (109)

	'+'  shift 78
	'-'  shift 79
	'*'  shift 80
	'/'  shift 81
	'%'  shift 82
	tPRINTLN  reduce 105
	tINTERVALO  reduce 105
	tOR  reduce 105
	tAND  reduce 105
	tEQ  reduce 105
	'<'  reduce 105
	'>'  reduce 105
	tGE  reduce 105
	tLE  reduce 105
	tNE  reduce 105
	';'  reduce 105
	'!'  reduce 105
	')'  reduce 105
	','  reduce 105
	']'  reduce 105


state 121
	expr : expr . '+' expr  (96)
	expr : expr . '-' expr  (97)
	expr : expr . '/' expr  (98)
	expr : expr . '*' expr  (99)
	expr : expr . '%' expr  (100)
	expr : expr . '<' expr  (101)
	expr : expr . '>' expr  (102)
	expr : expr . tGE expr  (104)
	expr : expr . tLE expr  (105)
	expr : expr . tNE expr  (106)
	expr : expr tNE expr .  (106)
	expr : expr . tEQ expr  (107)
	expr : expr . tOR expr  (108)
	expr : expr . tAND expr  (109)

	'+'  shift 78
	'-'  shift 79
	'*'  shift 80
	'/'  shift 81
	'%'  shift 82
	tPRINTLN  reduce 106
	tINTERVALO  reduce 106
	tOR  reduce 106
	tAND  reduce 106
	tEQ  reduce 106
	'<'  reduce 106
	'>'  reduce 106
	tGE  reduce 106
	tLE  reduce 106
	tNE  reduce 106
	';'  reduce 106
	'!'  reduce 106
	')'  reduce 106
	','  reduce 106
	']'  reduce 106


state 122
	expr : expr . '+' expr  (96)
	expr : expr '+' expr .  (96)
	expr : expr . '-' expr  (97)
	expr : expr . '/' expr  (98)
	expr : expr . '*' expr  (99)
	expr : expr . '%' expr  (100)
	expr : expr . '<' expr  (101)
	expr : expr . '>' expr  (102)
	expr : expr . tGE expr  (104)
	expr : expr . tLE expr  (105)
	expr : expr . tNE expr  (106)
	expr : expr . tEQ expr  (107)
	expr : expr . tOR expr  (108)
	expr : expr . tAND expr  (109)

	'*'  shift 80
	'/'  shift 81
	'%'  shift 82
	tPRINTLN  reduce 96
	tINTERVALO  reduce 96
	tOR  reduce 96
	tAND  reduce 96
	tEQ  reduce 96
	'<'  reduce 96
	'>'  reduce 96
	tGE  reduce 96
	tLE  reduce 96
	tNE  reduce 96
	'+'  reduce 96
	'-'  reduce 96
	';'  reduce 96
	'!'  reduce 96
	')'  reduce 96
	','  reduce 96
	']'  reduce 96


state 123
	expr : expr . '+' expr  (96)
	expr : expr . '-' expr  (97)
	expr : expr '-' expr .  (97)
	expr : expr . '/' expr  (98)
	expr : expr . '*' expr  (99)
	expr : expr . '%' expr  (100)
	expr : expr . '<' expr  (101)
	expr : expr . '>' expr  (102)
	expr : expr . tGE expr  (104)
	expr : expr . tLE expr  (105)
	expr : expr . tNE expr  (106)
	expr : expr . tEQ expr  (107)
	expr : expr . tOR expr  (108)
	expr : expr . tAND expr  (109)

	'*'  shift 80
	'/'  shift 81
	'%'  shift 82
	tPRINTLN  reduce 97
	tINTERVALO  reduce 97
	tOR  reduce 97
	tAND  reduce 97
	tEQ  reduce 97
	'<'  reduce 97
	'>'  reduce 97
	tGE  reduce 97
	tLE  reduce 97
	tNE  reduce 97
	'+'  reduce 97
	'-'  reduce 97
	';'  reduce 97
	'!'  reduce 97
	')'  reduce 97
	','  reduce 97
	']'  reduce 97


state 124
	expr : expr . '+' expr  (96)
	expr : expr . '-' expr  (97)
	expr : expr . '/' expr  (98)
	expr : expr . '*' expr  (99)
	expr : expr '*' expr .  (99)
	expr : expr . '%' expr  (100)
	expr : expr . '<' expr  (101)
	expr : expr . '>' expr  (102)
	expr : expr . tGE expr  (104)
	expr : expr . tLE expr  (105)
	expr : expr . tNE expr  (106)
	expr : expr . tEQ expr  (107)
	expr : expr . tOR expr  (108)
	expr : expr . tAND expr  (109)

	.  reduce 99


state 125
	expr : expr . '+' expr  (96)
	expr : expr . '-' expr  (97)
	expr : expr . '/' expr  (98)
	expr : expr '/' expr .  (98)
	expr : expr . '*' expr  (99)
	expr : expr . '%' expr  (100)
	expr : expr . '<' expr  (101)
	expr : expr . '>' expr  (102)
	expr : expr . tGE expr  (104)
	expr : expr . tLE expr  (105)
	expr : expr . tNE expr  (106)
	expr : expr . tEQ expr  (107)
	expr : expr . tOR expr  (108)
	expr : expr . tAND expr  (109)

	.  reduce 98


state 126
	expr : expr . '+' expr  (96)
	expr : expr . '-' expr  (97)
	expr : expr . '/' expr  (98)
	expr : expr . '*' expr  (99)
	expr : expr . '%' expr  (100)
	expr : expr '%' expr .  (100)
	expr : expr . '<' expr  (101)
	expr : expr . '>' expr  (102)
	expr : expr . tGE expr  (104)
	expr : expr . tLE expr  (105)
	expr : expr . tNE expr  (106)
	expr : expr . tEQ expr  (107)
	expr : expr . tOR expr  (108)
	expr : expr . tAND expr  (109)

	.  reduce 100


state 127
	expr : expr . '+' expr  (96)
	expr : expr . '-' expr  (97)
	expr : expr . '/' expr  (98)
	expr : expr . '*' expr  (99)
	expr : expr . '%' expr  (100)
	expr : expr . '<' expr  (101)
	expr : expr . '>' expr  (102)
	expr : expr . tGE expr  (104)
	expr : expr . tLE expr  (105)
	expr : expr . tNE expr  (106)
	expr : expr . tEQ expr  (107)
	expr : expr . tOR expr  (108)
	expr : expr . tAND expr  (109)
	lval : func_call '[' expr . ']'  (123)

	tOR  shift 70
	tAND  shift 71
	tEQ  shift 72
	'<'  shift 73
	'>'  shift 74
	tGE  shift 75
	tLE  shift 76
	tNE  shift 77
	'+'  shift 78
	'-'  shift 79
	'*'  shift 80
	'/'  shift 81
	'%'  shift 82
	']'  shift 164
	.  error


state 128
	expr : expr . '+' expr  (96)
	expr : expr . '-' expr  (97)
	expr : expr . '/' expr  (98)
	expr : expr . '*' expr  (99)
	expr : expr . '%' expr  (100)
	expr : expr . '<' expr  (101)
	expr : expr . '>' expr  (102)
	expr : expr . tGE expr  (104)
	expr : expr . tLE expr  (105)
	expr : expr . tNE expr  (106)
	expr : expr . tEQ expr  (107)
	expr : expr . tOR expr  (108)
	expr : expr . tAND expr  (109)
	expr : lval '=' expr .  (111)

	tOR  shift 70
	tAND  shift 71
	tEQ  shift 72
	'<'  shift 73
	'>'  shift 74
	tGE  shift 75
	tLE  shift 76
	tNE  shift 77
	'+'  shift 78
	'-'  shift 79
	'*'  shift 80
	'/'  shift 81
	'%'  shift 82
	tPRINTLN  reduce 111
	tINTERVALO  reduce 111
	';'  reduce 111
	'!'  reduce 111
	')'  reduce 111
	','  reduce 111
	']'  reduce 111


state 129
	expr : expr . '+' expr  (96)
	expr : expr . '-' expr  (97)
	expr : expr . '/' expr  (98)
	expr : expr . '*' expr  (99)
	expr : expr . '%' expr  (100)
	expr : expr . '<' expr  (101)
	expr : expr . '>' expr  (102)
	expr : expr . tGE expr  (104)
	expr : expr . tLE expr  (105)
	expr : expr . tNE expr  (106)
	expr : expr . tEQ expr  (107)
	expr : expr . tOR expr  (108)
	expr : expr . tAND expr  (109)
	lval : lval '[' expr . ']'  (120)

	tOR  shift 70
	tAND  shift 71
	tEQ  shift 72
	'<'  shift 73
	'>'  shift 74
	tGE  shift 75
	tLE  shift 76
	tNE  shift 77
	'+'  shift 78
	'-'  shift 79
	'*'  shift 80
	'/'  shift 81
	'%'  shift 82
	']'  shift 165
	.  error


state 130
	function : data_type tIDENTIFIER '?' '(' func_args ')' .  (19)

	.  reduce 19


state 131
	function : data_type tIDENTIFIER '!' '(' func_args ')' .  (21)
	function : data_type tIDENTIFIER '!' '(' func_args ')' . '=' literal body  (26)
	function : data_type tIDENTIFIER '!' '(' func_args ')' . body  (27)

	tDGT  shift 94
	tDLT  shift 95
	'='  shift 166
	'('  shift 96
	'['  shift 97
	'{'  shift 98
	$end  reduce 21
	'<'  reduce 21
	'%'  reduce 21
	'!'  reduce 21
	'#'  reduce 21
	'$'  reduce 21

	sections  goto 99
	body  goto 167
	code_block  goto 101
	section  goto 102
	initial_section  goto 103
	final_section  goto 104


state 132
	function : data_type tIDENTIFIER '(' func_args ')' '=' . literal body  (29)

	tINTEGER  shift 32
	tREAL  shift 33
	tSTRING  shift 35
	.  error

	string  goto 42
	literal  goto 168
	integer  goto 46
	real  goto 47


state 133
	function : data_type tIDENTIFIER '(' func_args ')' body .  (30)

	.  reduce 30


state 134
	function : '!' tIDENTIFIER '!' '(' func_args ')' body .  (25)

	.  reduce 25


state 135
	final_section : tDGT code_block .  (60)

	.  reduce 60


state 136
	initial_section : tDLT code_block .  (52)

	.  reduce 52


state 137
	opt_expr : expr .  (59)
	expr : expr . '+' expr  (96)
	expr : expr . '-' expr  (97)
	expr : expr . '/' expr  (98)
	expr : expr . '*' expr  (99)
	expr : expr . '%' expr  (100)
	expr : expr . '<' expr  (101)
	expr : expr . '>' expr  (102)
	expr : expr . tGE expr  (104)
	expr : expr . tLE expr  (105)
	expr : expr . tNE expr  (106)
	expr : expr . tEQ expr  (107)
	expr : expr . tOR expr  (108)
	expr : expr . tAND expr  (109)

	tOR  shift 70
	tAND  shift 71
	tEQ  shift 72
	'<'  shift 73
	'>'  shift 74
	tGE  shift 75
	tLE  shift 76
	tNE  shift 77
	'+'  shift 78
	'-'  shift 79
	'*'  shift 80
	'/'  shift 81
	'%'  shift 82
	')'  reduce 59
	']'  reduce 59


state 138
	section : '(' opt_expr . ')' code_block  (55)

	')'  shift 169
	.  error


state 139
	section : '[' opt_expr . ']' code_block  (56)

	']'  shift 170
	.  error


state 140
	instruction : tBREAK .  (71)

	.  reduce 71


state 141
	instruction : tCONTINUE .  (70)

	.  reduce 70


state 142
	instruction : tRETURN .  (72)

	.  reduce 72


state 143
	instruction : tAPPLY . tIDENTIFIER tSETA lval ':' expr tINTERVALO expr ';'  (76)

	tIDENTIFIER  shift 171
	.  error


state 144
	conditional : '[' . expr ']' '#' instruction  (79)
	conditional : '[' . expr ']' '?' instruction  (80)
	conditional : '[' . expr ']' '?' instruction ':' instruction  (81)
	iteration : '[' . init_iteration ';' expressions ';' expressions ']' instruction  (87)
	iteration : '[' . init_iteration ';' ';' expressions ']' instruction  (88)
	iteration : '[' . init_iteration ';' expressions ';' ']' instruction  (89)
	iteration : '[' . init_iteration ';' ';' ']' instruction  (90)
	expr : '[' . expr ']'  (113)
	init_iteration : .  (86)

	tINTEGER  shift 32
	tREAL  shift 33
	tIDENTIFIER  shift 34
	tSTRING  shift 35
	'~'  shift 36
	'<'  shift 1
	'+'  shift 37
	'-'  shift 38
	'%'  shift 2
	'#'  shift 4
	'$'  shift 5
	'('  shift 39
	'@'  shift 40
	'['  shift 41
	';'  reduce 86
	','  reduce 86

	string  goto 42
	var_decl  goto 172
	init_iteration  goto 173
	expr  goto 174
	func_call  goto 44
	literal  goto 45
	integer  goto 46
	real  goto 47
	data_type  goto 31
	lval  goto 48


state 145
	instrs : instruction .  (77)

	.  reduce 77


state 146
	instruction : iteration .  (74)

	.  reduce 74


state 147
	instruction : conditional .  (73)

	.  reduce 73


state 148
	inner_decls : var_decls . ';'  (63)

	';'  shift 175
	.  error


state 149
	code_block : '{' opt_instructions . '}'  (61)

	'}'  shift 176
	.  error


state 150
	code_block : '{' inner_decls . opt_instructions '}'  (62)
	inner_decls : inner_decls . var_decls ';'  (64)
	opt_instructions : .  (65)

	tINTEGER  shift 32
	tREAL  shift 33
	tIDENTIFIER  shift 34
	tSTRING  shift 35
	tBREAK  shift 140
	tCONTINUE  shift 141
	tRETURN  shift 142
	tAPPLY  shift 143
	'~'  shift 36
	'<'  shift 1
	'+'  shift 37
	'-'  shift 38
	'%'  shift 2
	'#'  shift 4
	'$'  shift 5
	'('  shift 39
	'@'  shift 40
	'['  shift 144
	'{'  shift 98
	'}'  reduce 65

	string  goto 42
	instruction  goto 145
	iteration  goto 146
	conditional  goto 147
	variable  goto 9
	var_decl  goto 10
	var_decls  goto 177
	opt_instructions  goto 178
	instrs  goto 151
	expr  goto 152
	func_call  goto 44
	literal  goto 45
	integer  goto 46
	real  goto 47
	data_type  goto 153
	lval  goto 48
	code_block  goto 154


state 151
	opt_instructions : instrs .  (66)
	instrs : instrs . instruction  (78)

	tINTEGER  shift 32
	tREAL  shift 33
	tIDENTIFIER  shift 34
	tSTRING  shift 35
	tBREAK  shift 140
	tCONTINUE  shift 141
	tRETURN  shift 142
	tAPPLY  shift 143
	'~'  shift 36
	'+'  shift 37
	'-'  shift 38
	'('  shift 39
	'@'  shift 40
	'['  shift 144
	'{'  shift 98
	'}'  reduce 66

	string  goto 42
	instruction  goto 179
	iteration  goto 146
	conditional  goto 147
	expr  goto 152
	func_call  goto 44
	literal  goto 45
	integer  goto 46
	real  goto 47
	lval  goto 48
	code_block  goto 154


state 152
	instruction : expr . ';'  (67)
	instruction : expr . '!'  (68)
	instruction : expr . tPRINTLN  (69)
	expr : expr . '+' expr  (96)
	expr : expr . '-' expr  (97)
	expr : expr . '/' expr  (98)
	expr : expr . '*' expr  (99)
	expr : expr . '%' expr  (100)
	expr : expr . '<' expr  (101)
	expr : expr . '>' expr  (102)
	expr : expr . tGE expr  (104)
	expr : expr . tLE expr  (105)
	expr : expr . tNE expr  (106)
	expr : expr . tEQ expr  (107)
	expr : expr . tOR expr  (108)
	expr : expr . tAND expr  (109)

	tPRINTLN  shift 180
	tOR  shift 70
	tAND  shift 71
	tEQ  shift 72
	'<'  shift 73
	'>'  shift 74
	tGE  shift 75
	tLE  shift 76
	tNE  shift 77
	'+'  shift 78
	'-'  shift 79
	'*'  shift 80
	'/'  shift 81
	'%'  shift 82
	';'  shift 181
	'!'  shift 182
	.  error


state 153
	variable : data_type . tIDENTIFIER '?' '=' expr  (9)
	variable : data_type . tIDENTIFIER '?'  (10)
	variable : data_type . tIDENTIFIER '!' '=' expr  (11)
	variable : data_type . tIDENTIFIER '!'  (12)
	var_decl : data_type . tIDENTIFIER '=' expr  (13)
	var_decl : data_type . tIDENTIFIER  (14)

	tIDENTIFIER  shift 183
	.  error


state 154
	instruction : code_block .  (75)

	.  reduce 75


state 155
	sections : sections section .  (54)

	.  reduce 54


state 156
	body : sections final_section .  (46)

	.  reduce 46


state 157
	body : initial_section sections . final_section  (45)
	body : initial_section sections .  (47)
	sections : sections . section  (54)

	tDGT  shift 94
	'('  shift 96
	'['  shift 97
	'{'  shift 98
	$end  reduce 47
	'<'  reduce 47
	'%'  reduce 47
	'!'  reduce 47
	'#'  reduce 47
	'$'  reduce 47

	code_block  goto 101
	section  goto 155
	final_section  goto 184


state 158
	body : initial_section final_section .  (48)

	.  reduce 48


state 159
	func_call : tIDENTIFIER '(' opt_expressions ')' .  (34)

	.  reduce 34


state 160
	expressions : expressions ',' . expr  (92)

	tINTEGER  shift 32
	tREAL  shift 33
	tIDENTIFIER  shift 34
	tSTRING  shift 35
	'~'  shift 36
	'+'  shift 37
	'-'  shift 38
	'('  shift 39
	'@'  shift 40
	'['  shift 41
	.  error

	string  goto 42
	expr  goto 185
	func_call  goto 44
	literal  goto 45
	integer  goto 46
	real  goto 47
	lval  goto 48


state 161
	lval : '(' expr ')' '[' . expr ']'  (122)

	tINTEGER  shift 32
	tREAL  shift 33
	tIDENTIFIER  shift 34
	tSTRING  shift 35
	'~'  shift 36
	'+'  shift 37
	'-'  shift 38
	'('  shift 39
	'@'  shift 40
	'['  shift 41
	.  error

	string  goto 42
	expr  goto 186
	func_call  goto 44
	literal  goto 45
	integer  goto 46
	real  goto 47
	lval  goto 48


state 162
	func_call : '@' '(' opt_expressions ')' .  (35)

	.  reduce 35


state 163
	lval : '@' '[' expr ']' .  (121)

	.  reduce 121


state 164
	lval : func_call '[' expr ']' .  (123)

	.  reduce 123


state 165
	lval : lval '[' expr ']' .  (120)

	.  reduce 120


state 166
	function : data_type tIDENTIFIER '!' '(' func_args ')' '=' . literal body  (26)

	tINTEGER  shift 32
	tREAL  shift 33
	tSTRING  shift 35
	.  error

	string  goto 42
	literal  goto 187
	integer  goto 46
	real  goto 47


state 167
	function : data_type tIDENTIFIER '!' '(' func_args ')' body .  (27)

	.  reduce 27


state 168
	function : data_type tIDENTIFIER '(' func_args ')' '=' literal . body  (29)

	tDGT  shift 94
	tDLT  shift 95
	'('  shift 96
	'['  shift 97
	'{'  shift 98
	.  error

	sections  goto 99
	body  goto 188
	code_block  goto 101
	section  goto 102
	initial_section  goto 103
	final_section  goto 104


state 169
	section : '(' opt_expr ')' . code_block  (55)

	'{'  shift 98
	.  error

	code_block  goto 189


state 170
	section : '[' opt_expr ']' . code_block  (56)

	'{'  shift 98
	.  error

	code_block  goto 190


state 171
	instruction : tAPPLY tIDENTIFIER . tSETA lval ':' expr tINTERVALO expr ';'  (76)

	tSETA  shift 191
	.  error


state 172
	init_iteration : var_decl .  (82)

	.  reduce 82


state 173
	init_iteration : init_iteration . ',' var_decl  (84)
	init_iteration : init_iteration . ',' expr  (85)
	iteration : '[' init_iteration . ';' expressions ';' expressions ']' instruction  (87)
	iteration : '[' init_iteration . ';' ';' expressions ']' instruction  (88)
	iteration : '[' init_iteration . ';' expressions ';' ']' instruction  (89)
	iteration : '[' init_iteration . ';' ';' ']' instruction  (90)

	';'  shift 192
	','  shift 193
	.  error


state 174
	conditional : '[' expr . ']' '#' instruction  (79)
	conditional : '[' expr . ']' '?' instruction  (80)
	conditional : '[' expr . ']' '?' instruction ':' instruction  (81)
	init_iteration : expr .  (83)
	expr : expr . '+' expr  (96)
	expr : expr . '-' expr  (97)
	expr : expr . '/' expr  (98)
	expr : expr . '*' expr  (99)
	expr : expr . '%' expr  (100)
	expr : expr . '<' expr  (101)
	expr : expr . '>' expr  (102)
	expr : expr . tGE expr  (104)
	expr : expr . tLE expr  (105)
	expr : expr . tNE expr  (106)
	expr : expr . tEQ expr  (107)
	expr : expr . tOR expr  (108)
	expr : expr . tAND expr  (109)
	expr : '[' expr . ']'  (113)

	tOR  shift 70
	tAND  shift 71
	tEQ  shift 72
	'<'  shift 73
	'>'  shift 74
	tGE  shift 75
	tLE  shift 76
	tNE  shift 77
	'+'  shift 78
	'-'  shift 79
	'*'  shift 80
	'/'  shift 81
	'%'  shift 82
	']'  shift 194
	';'  reduce 83
	','  reduce 83


state 175
	inner_decls : var_decls ';' .  (63)

	.  reduce 63


state 176
	code_block : '{' opt_instructions '}' .  (61)

	.  reduce 61


state 177
	inner_decls : inner_decls var_decls . ';'  (64)

	';'  shift 195
	.  error


state 178
	code_block : '{' inner_decls opt_instructions . '}'  (62)

	'}'  shift 196
	.  error


state 179
	instrs : instrs instruction .  (78)

	.  reduce 78


state 180
	instruction : expr tPRINTLN .  (69)

	.  reduce 69


state 181
	instruction : expr ';' .  (67)

	.  reduce 67


state 182
	instruction : expr '!' .  (68)

	.  reduce 68


state 183
	variable : data_type tIDENTIFIER . '?' '=' expr  (9)
	variable : data_type tIDENTIFIER . '?'  (10)
	variable : data_type tIDENTIFIER . '!' '=' expr  (11)
	variable : data_type tIDENTIFIER . '!'  (12)
	var_decl : data_type tIDENTIFIER . '=' expr  (13)
	var_decl : data_type tIDENTIFIER .  (14)

	'='  shift 23
	'?'  shift 197
	'!'  shift 198
	';'  reduce 14


state 184
	body : initial_section sections final_section .  (45)

	.  reduce 45


state 185
	expressions : expressions ',' expr .  (92)
	expr : expr . '+' expr  (96)
	expr : expr . '-' expr  (97)
	expr : expr . '/' expr  (98)
	expr : expr . '*' expr  (99)
	expr : expr . '%' expr  (100)
	expr : expr . '<' expr  (101)
	expr : expr . '>' expr  (102)
	expr : expr . tGE expr  (104)
	expr : expr . tLE expr  (105)
	expr : expr . tNE expr  (106)
	expr : expr . tEQ expr  (107)
	expr : expr . tOR expr  (108)
	expr : expr . tAND expr  (109)

	tOR  shift 70
	tAND  shift 71
	tEQ  shift 72
	'<'  shift 73
	'>'  shift 74
	tGE  shift 75
	tLE  shift 76
	tNE  shift 77
	'+'  shift 78
	'-'  shift 79
	'*'  shift 80
	'/'  shift 81
	'%'  shift 82
	';'  reduce 92
	')'  reduce 92
	','  reduce 92
	']'  reduce 92


state 186
	expr : expr . '+' expr  (96)
	expr : expr . '-' expr  (97)
	expr : expr . '/' expr  (98)
	expr : expr . '*' expr  (99)
	expr : expr . '%' expr  (100)
	expr : expr . '<' expr  (101)
	expr : expr . '>' expr  (102)
	expr : expr . tGE expr  (104)
	expr : expr . tLE expr  (105)
	expr : expr . tNE expr  (106)
	expr : expr . tEQ expr  (107)
	expr : expr . tOR expr  (108)
	expr : expr . tAND expr  (109)
	lval : '(' expr ')' '[' expr . ']'  (122)

	tOR  shift 70
	tAND  shift 71
	tEQ  shift 72
	'<'  shift 73
	'>'  shift 74
	tGE  shift 75
	tLE  shift 76
	tNE  shift 77
	'+'  shift 78
	'-'  shift 79
	'*'  shift 80
	'/'  shift 81
	'%'  shift 82
	']'  shift 199
	.  error


state 187
	function : data_type tIDENTIFIER '!' '(' func_args ')' '=' literal . body  (26)

	tDGT  shift 94
	tDLT  shift 95
	'('  shift 96
	'['  shift 97
	'{'  shift 98
	.  error

	sections  goto 99
	body  goto 200
	code_block  goto 101
	section  goto 102
	initial_section  goto 103
	final_section  goto 104


state 188
	function : data_type tIDENTIFIER '(' func_args ')' '=' literal body .  (29)

	.  reduce 29


state 189
	section : '(' opt_expr ')' code_block .  (55)

	.  reduce 55


state 190
	section : '[' opt_expr ']' code_block .  (56)

	.  reduce 56


state 191
	instruction : tAPPLY tIDENTIFIER tSETA . lval ':' expr tINTERVALO expr ';'  (76)

	tIDENTIFIER  shift 34
	'('  shift 201
	'@'  shift 202
	.  error

	func_call  goto 203
	lval  goto 204


state 192
	iteration : '[' init_iteration ';' . expressions ';' expressions ']' instruction  (87)
	iteration : '[' init_iteration ';' . ';' expressions ']' instruction  (88)
	iteration : '[' init_iteration ';' . expressions ';' ']' instruction  (89)
	iteration : '[' init_iteration ';' . ';' ']' instruction  (90)

	tINTEGER  shift 32
	tREAL  shift 33
	tIDENTIFIER  shift 34
	tSTRING  shift 35
	'~'  shift 36
	'+'  shift 37
	'-'  shift 38
	';'  shift 205
	'('  shift 39
	'@'  shift 40
	'['  shift 41
	.  error

	string  goto 42
	expressions  goto 206
	expr  goto 108
	func_call  goto 44
	literal  goto 45
	integer  goto 46
	real  goto 47
	lval  goto 48


state 193
	init_iteration : init_iteration ',' . var_decl  (84)
	init_iteration : init_iteration ',' . expr  (85)

	tINTEGER  shift 32
	tREAL  shift 33
	tIDENTIFIER  shift 34
	tSTRING  shift 35
	'~'  shift 36
	'<'  shift 1
	'+'  shift 37
	'-'  shift 38
	'%'  shift 2
	'#'  shift 4
	'$'  shift 5
	'('  shift 39
	'@'  shift 40
	'['  shift 41
	.  error

	string  goto 42
	var_decl  goto 207
	expr  goto 208
	func_call  goto 44
	literal  goto 45
	integer  goto 46
	real  goto 47
	data_type  goto 31
	lval  goto 48


state 194
	conditional : '[' expr ']' . '#' instruction  (79)
	conditional : '[' expr ']' . '?' instruction  (80)
	conditional : '[' expr ']' . '?' instruction ':' instruction  (81)
	expr : '[' expr ']' .  (113)

	'?'  shift 209
	'#'  shift 210
	tPRINTLN  reduce 113
	tOR  reduce 113
	tAND  reduce 113
	tEQ  reduce 113
	'<'  reduce 113
	'>'  reduce 113
	tGE  reduce 113
	tLE  reduce 113
	tNE  reduce 113
	'+'  reduce 113
	'-'  reduce 113
	'*'  reduce 113
	'/'  reduce 113
	'%'  reduce 113
	';'  reduce 113
	'!'  reduce 113


state 195
	inner_decls : inner_decls var_decls ';' .  (64)

	.  reduce 64


state 196
	code_block : '{' inner_decls opt_instructions '}' .  (62)

	.  reduce 62


state 197
	variable : data_type tIDENTIFIER '?' . '=' expr  (9)
	variable : data_type tIDENTIFIER '?' .  (10)

	'='  shift 49
	';'  reduce 10


state 198
	variable : data_type tIDENTIFIER '!' . '=' expr  (11)
	variable : data_type tIDENTIFIER '!' .  (12)

	'='  shift 51
	';'  reduce 12


state 199
	lval : '(' expr ')' '[' expr ']' .  (122)

	.  reduce 122


state 200
	function : data_type tIDENTIFIER '!' '(' func_args ')' '=' literal body .  (26)

	.  reduce 26


state 201
	lval : '(' . expr ')' '[' expr ']'  (122)

	tINTEGER  shift 32
	tREAL  shift 33
	tIDENTIFIER  shift 34
	tSTRING  shift 35
	'~'  shift 36
	'+'  shift 37
	'-'  shift 38
	'('  shift 39
	'@'  shift 40
	'['  shift 41
	.  error

	string  goto 42
	expr  goto 211
	func_call  goto 44
	literal  goto 45
	integer  goto 46
	real  goto 47
	lval  goto 48


state 202
	func_call : '@' . '(' opt_expressions ')'  (35)
	lval : '@' . '[' expr ']'  (121)

	'('  shift 66
	'['  shift 67
	.  error


state 203
	lval : func_call . '[' expr ']'  (123)

	'['  shift 83
	.  error


state 204
	instruction : tAPPLY tIDENTIFIER tSETA lval . ':' expr tINTERVALO expr ';'  (76)
	lval : lval . '[' expr ']'  (120)

	':'  shift 212
	'['  shift 86
	.  error


state 205
	iteration : '[' init_iteration ';' ';' . expressions ']' instruction  (88)
	iteration : '[' init_iteration ';' ';' . ']' instruction  (90)

	tINTEGER  shift 32
	tREAL  shift 33
	tIDENTIFIER  shift 34
	tSTRING  shift 35
	'~'  shift 36
	'+'  shift 37
	'-'  shift 38
	'('  shift 39
	'@'  shift 40
	'['  shift 41
	']'  shift 213
	.  error

	string  goto 42
	expressions  goto 214
	expr  goto 108
	func_call  goto 44
	literal  goto 45
	integer  goto 46
	real  goto 47
	lval  goto 48


state 206
	iteration : '[' init_iteration ';' expressions . ';' expressions ']' instruction  (87)
	iteration : '[' init_iteration ';' expressions . ';' ']' instruction  (89)
	expressions : expressions . ',' expr  (92)

	';'  shift 215
	','  shift 160
	.  error


state 207
	init_iteration : init_iteration ',' var_decl .  (84)

	.  reduce 84


state 208
	init_iteration : init_iteration ',' expr .  (85)
	expr : expr . '+' expr  (96)
	expr : expr . '-' expr  (97)
	expr : expr . '/' expr  (98)
	expr : expr . '*' expr  (99)
	expr : expr . '%' expr  (100)
	expr : expr . '<' expr  (101)
	expr : expr . '>' expr  (102)
	expr : expr . tGE expr  (104)
	expr : expr . tLE expr  (105)
	expr : expr . tNE expr  (106)
	expr : expr . tEQ expr  (107)
	expr : expr . tOR expr  (108)
	expr : expr . tAND expr  (109)

	tOR  shift 70
	tAND  shift 71
	tEQ  shift 72
	'<'  shift 73
	'>'  shift 74
	tGE  shift 75
	tLE  shift 76
	tNE  shift 77
	'+'  shift 78
	'-'  shift 79
	'*'  shift 80
	'/'  shift 81
	'%'  shift 82
	';'  reduce 85
	','  reduce 85


state 209
	conditional : '[' expr ']' '?' . instruction  (80)
	conditional : '[' expr ']' '?' . instruction ':' instruction  (81)

	tINTEGER  shift 32
	tREAL  shift 33
	tIDENTIFIER  shift 34
	tSTRING  shift 35
	tBREAK  shift 140
	tCONTINUE  shift 141
	tRETURN  shift 142
	tAPPLY  shift 143
	'~'  shift 36
	'+'  shift 37
	'-'  shift 38
	'('  shift 39
	'@'  shift 40
	'['  shift 144
	'{'  shift 98
	.  error

	string  goto 42
	instruction  goto 216
	iteration  goto 146
	conditional  goto 147
	expr  goto 152
	func_call  goto 44
	literal  goto 45
	integer  goto 46
	real  goto 47
	lval  goto 48
	code_block  goto 154


state 210
	conditional : '[' expr ']' '#' . instruction  (79)

	tINTEGER  shift 32
	tREAL  shift 33
	tIDENTIFIER  shift 34
	tSTRING  shift 35
	tBREAK  shift 140
	tCONTINUE  shift 141
	tRETURN  shift 142
	tAPPLY  shift 143
	'~'  shift 36
	'+'  shift 37
	'-'  shift 38
	'('  shift 39
	'@'  shift 40
	'['  shift 144
	'{'  shift 98
	.  error

	string  goto 42
	instruction  goto 217
	iteration  goto 146
	conditional  goto 147
	expr  goto 152
	func_call  goto 44
	literal  goto 45
	integer  goto 46
	real  goto 47
	lval  goto 48
	code_block  goto 154


state 211
	expr : expr . '+' expr  (96)
	expr : expr . '-' expr  (97)
	expr : expr . '/' expr  (98)
	expr : expr . '*' expr  (99)
	expr : expr . '%' expr  (100)
	expr : expr . '<' expr  (101)
	expr : expr . '>' expr  (102)
	expr : expr . tGE expr  (104)
	expr : expr . tLE expr  (105)
	expr : expr . tNE expr  (106)
	expr : expr . tEQ expr  (107)
	expr : expr . tOR expr  (108)
	expr : expr . tAND expr  (109)
	lval : '(' expr . ')' '[' expr ']'  (122)

	tOR  shift 70
	tAND  shift 71
	tEQ  shift 72
	'<'  shift 73
	'>'  shift 74
	tGE  shift 75
	tLE  shift 76
	tNE  shift 77
	'+'  shift 78
	'-'  shift 79
	'*'  shift 80
	'/'  shift 81
	'%'  shift 82
	')'  shift 218
	.  error


state 212
	instruction : tAPPLY tIDENTIFIER tSETA lval ':' . expr tINTERVALO expr ';'  (76)

	tINTEGER  shift 32
	tREAL  shift 33
	tIDENTIFIER  shift 34
	tSTRING  shift 35
	'~'  shift 36
	'+'  shift 37
	'-'  shift 38
	'('  shift 39
	'@'  shift 40
	'['  shift 41
	.  error

	string  goto 42
	expr  goto 219
	func_call  goto 44
	literal  goto 45
	integer  goto 46
	real  goto 47
	lval  goto 48


state 213
	iteration : '[' init_iteration ';' ';' ']' . instruction  (90)

	tINTEGER  shift 32
	tREAL  shift 33
	tIDENTIFIER  shift 34
	tSTRING  shift 35
	tBREAK  shift 140
	tCONTINUE  shift 141
	tRETURN  shift 142
	tAPPLY  shift 143
	'~'  shift 36
	'+'  shift 37
	'-'  shift 38
	'('  shift 39
	'@'  shift 40
	'['  shift 144
	'{'  shift 98
	.  error

	string  goto 42
	instruction  goto 220
	iteration  goto 146
	conditional  goto 147
	expr  goto 152
	func_call  goto 44
	literal  goto 45
	integer  goto 46
	real  goto 47
	lval  goto 48
	code_block  goto 154


state 214
	iteration : '[' init_iteration ';' ';' expressions . ']' instruction  (88)
	expressions : expressions . ',' expr  (92)

	','  shift 160
	']'  shift 221
	.  error


state 215
	iteration : '[' init_iteration ';' expressions ';' . expressions ']' instruction  (87)
	iteration : '[' init_iteration ';' expressions ';' . ']' instruction  (89)

	tINTEGER  shift 32
	tREAL  shift 33
	tIDENTIFIER  shift 34
	tSTRING  shift 35
	'~'  shift 36
	'+'  shift 37
	'-'  shift 38
	'('  shift 39
	'@'  shift 40
	'['  shift 41
	']'  shift 222
	.  error

	string  goto 42
	expressions  goto 223
	expr  goto 108
	func_call  goto 44
	literal  goto 45
	integer  goto 46
	real  goto 47
	lval  goto 48


state 216
	conditional : '[' expr ']' '?' instruction .  (80)
	conditional : '[' expr ']' '?' instruction . ':' instruction  (81)

	':'  shift 224
	tINTEGER  reduce 80
	tREAL  reduce 80
	tIDENTIFIER  reduce 80
	tSTRING  reduce 80
	tBREAK  reduce 80
	tCONTINUE  reduce 80
	tRETURN  reduce 80
	tAPPLY  reduce 80
	'~'  reduce 80
	'+'  reduce 80
	'-'  reduce 80
	'('  reduce 80
	'@'  reduce 80
	'['  reduce 80
	'{'  reduce 80
	'}'  reduce 80


state 217
	conditional : '[' expr ']' '#' instruction .  (79)

	.  reduce 79


state 218
	lval : '(' expr ')' . '[' expr ']'  (122)

	'['  shift 161
	.  error


state 219
	instruction : tAPPLY tIDENTIFIER tSETA lval ':' expr . tINTERVALO expr ';'  (76)
	expr : expr . '+' expr  (96)
	expr : expr . '-' expr  (97)
	expr : expr . '/' expr  (98)
	expr : expr . '*' expr  (99)
	expr : expr . '%' expr  (100)
	expr : expr . '<' expr  (101)
	expr : expr . '>' expr  (102)
	expr : expr . tGE expr  (104)
	expr : expr . tLE expr  (105)
	expr : expr . tNE expr  (106)
	expr : expr . tEQ expr  (107)
	expr : expr . tOR expr  (108)
	expr : expr . tAND expr  (109)

	tINTERVALO  shift 225
	tOR  shift 70
	tAND  shift 71
	tEQ  shift 72
	'<'  shift 73
	'>'  shift 74
	tGE  shift 75
	tLE  shift 76
	tNE  shift 77
	'+'  shift 78
	'-'  shift 79
	'*'  shift 80
	'/'  shift 81
	'%'  shift 82
	.  error


state 220
	iteration : '[' init_iteration ';' ';' ']' instruction .  (90)

	.  reduce 90


state 221
	iteration : '[' init_iteration ';' ';' expressions ']' . instruction  (88)

	tINTEGER  shift 32
	tREAL  shift 33
	tIDENTIFIER  shift 34
	tSTRING  shift 35
	tBREAK  shift 140
	tCONTINUE  shift 141
	tRETURN  shift 142
	tAPPLY  shift 143
	'~'  shift 36
	'+'  shift 37
	'-'  shift 38
	'('  shift 39
	'@'  shift 40
	'['  shift 144
	'{'  shift 98
	.  error

	string  goto 42
	instruction  goto 226
	iteration  goto 146
	conditional  goto 147
	expr  goto 152
	func_call  goto 44
	literal  goto 45
	integer  goto 46
	real  goto 47
	lval  goto 48
	code_block  goto 154


state 222
	iteration : '[' init_iteration ';' expressions ';' ']' . instruction  (89)

	tINTEGER  shift 32
	tREAL  shift 33
	tIDENTIFIER  shift 34
	tSTRING  shift 35
	tBREAK  shift 140
	tCONTINUE  shift 141
	tRETURN  shift 142
	tAPPLY  shift 143
	'~'  shift 36
	'+'  shift 37
	'-'  shift 38
	'('  shift 39
	'@'  shift 40
	'['  shift 144
	'{'  shift 98
	.  error

	string  goto 42
	instruction  goto 227
	iteration  goto 146
	conditional  goto 147
	expr  goto 152
	func_call  goto 44
	literal  goto 45
	integer  goto 46
	real  goto 47
	lval  goto 48
	code_block  goto 154


state 223
	iteration : '[' init_iteration ';' expressions ';' expressions . ']' instruction  (87)
	expressions : expressions . ',' expr  (92)

	','  shift 160
	']'  shift 228
	.  error


state 224
	conditional : '[' expr ']' '?' instruction ':' . instruction  (81)

	tINTEGER  shift 32
	tREAL  shift 33
	tIDENTIFIER  shift 34
	tSTRING  shift 35
	tBREAK  shift 140
	tCONTINUE  shift 141
	tRETURN  shift 142
	tAPPLY  shift 143
	'~'  shift 36
	'+'  shift 37
	'-'  shift 38
	'('  shift 39
	'@'  shift 40
	'['  shift 144
	'{'  shift 98
	.  error

	string  goto 42
	instruction  goto 229
	iteration  goto 146
	conditional  goto 147
	expr  goto 152
	func_call  goto 44
	literal  goto 45
	integer  goto 46
	real  goto 47
	lval  goto 48
	code_block  goto 154


state 225
	instruction : tAPPLY tIDENTIFIER tSETA lval ':' expr tINTERVALO . expr ';'  (76)

	tINTEGER  shift 32
	tREAL  shift 33
	tIDENTIFIER  shift 34
	tSTRING  shift 35
	'~'  shift 36
	'+'  shift 37
	'-'  shift 38
	'('  shift 39
	'@'  shift 40
	'['  shift 41
	.  error

	string  goto 42
	expr  goto 230
	func_call  goto 44
	literal  goto 45
	integer  goto 46
	real  goto 47
	lval  goto 48


state 226
	iteration : '[' init_iteration ';' ';' expressions ']' instruction .  (88)

	.  reduce 88


state 227
	iteration : '[' init_iteration ';' expressions ';' ']' instruction .  (89)

	.  reduce 89


state 228
	iteration : '[' init_iteration ';' expressions ';' expressions ']' . instruction  (87)

	tINTEGER  shift 32
	tREAL  shift 33
	tIDENTIFIER  shift 34
	tSTRING  shift 35
	tBREAK  shift 140
	tCONTINUE  shift 141
	tRETURN  shift 142
	tAPPLY  shift 143
	'~'  shift 36
	'+'  shift 37
	'-'  shift 38
	'('  shift 39
	'@'  shift 40
	'['  shift 144
	'{'  shift 98
	.  error

	string  goto 42
	instruction  goto 231
	iteration  goto 146
	conditional  goto 147
	expr  goto 152
	func_call  goto 44
	literal  goto 45
	integer  goto 46
	real  goto 47
	lval  goto 48
	code_block  goto 154


state 229
	conditional : '[' expr ']' '?' instruction ':' instruction .  (81)

	.  reduce 81


state 230
	instruction : tAPPLY tIDENTIFIER tSETA lval ':' expr tINTERVALO expr . ';'  (76)
	expr : expr . '+' expr  (96)
	expr : expr . '-' expr  (97)
	expr : expr . '/' expr  (98)
	expr : expr . '*' expr  (99)
	expr : expr . '%' expr  (100)
	expr : expr . '<' expr  (101)
	expr : expr . '>' expr  (102)
	expr : expr . tGE expr  (104)
	expr : expr . tLE expr  (105)
	expr : expr . tNE expr  (106)
	expr : expr . tEQ expr  (107)
	expr : expr . tOR expr  (108)
	expr : expr . tAND expr  (109)

	tOR  shift 70
	tAND  shift 71
	tEQ  shift 72
	'<'  shift 73
	'>'  shift 74
	tGE  shift 75
	tLE  shift 76
	tNE  shift 77
	'+'  shift 78
	'-'  shift 79
	'*'  shift 80
	'/'  shift 81
	'%'  shift 82
	';'  shift 232
	.  error


state 231
	iteration : '[' init_iteration ';' expressions ';' expressions ']' instruction .  (87)

	.  reduce 87


state 232
	instruction : tAPPLY tIDENTIFIER tSETA lval ':' expr tINTERVALO expr ';' .  (76)

	.  reduce 76


46 terminals, 33 nonterminals
124 grammar rules, 233 states
